0
1
1
1
1
1
1
1
1
1
1
1
1
1
1
1
1
1
1
1
1
1
1
1
1
1
1
1
1
1
1
1
1
32
16
16
16
16
16
16
8
8
16
16
16
16
16
16
16
16
16
16
16
16
0
1
1
2
1
2
2
3
1
2
2
3
2
3
3
4
1
2
2
3
2
3
3
4
2
3
3
4
3
4
4
5
1
2
2
3
2
3
3
4
2
3
3
4
3
4
4
5
2
3
3
4
3
4
4
5
3
4
4
5
4
5
5
6
1
2
2
3
2
3
3
4
2
3
3
4
3
4
4
5
2
3
3
4
3
4
4
5
3
4
4
5
4
5
5
6
2
3
3
4
3
4
4
5
3
4
4
5
4
5
5
6
3
4
4
5
4
5
5
6
4
5
5
6
5
6
6
7
1
2
2
3
2
3
3
4
2
3
3
4
3
4
4
5
2
3
3
4
3
4
4
5
3
4
4
5
4
5
5
6
2
3
3
4
3
4
4
5
3
4
4
5
4
5
5
6
3
4
4
5
4
5
5
6
4
5
5
6
5
6
6
7
2
3
3
4
3
4
4
5
3
4
4
5
4
5
5
6
3
4
4
5
4
5
5
6
4
5
5
6
5
6
6
7
3
4
4
5
4
5
5
6
4
5
5
6
5
6
6
7
4
5
5
6
5
6
6
7
5
6
6
7
6
7
7
8
24
25
25
26
25
26
26
27
25
26
26
27
26
27
27
28
25
26
26
27
26
27
27
28
26
27
27
28
27
28
28
29
25
26
26
27
26
27
27
28
26
27
27
28
27
28
28
29
26
27
27
28
27
28
28
29
27
28
28
29
28
29
29
30
25
26
26
27
26
27
27
28
26
27
27
28
27
28
28
29
26
27
27
28
27
28
28
29
27
28
28
29
28
29
29
30
26
27
27
28
27
28
28
29
27
28
28
29
28
29
29
30
27
28
28
29
28
29
29
30
28
29
29
30
29
30
30
31
25
26
26
27
26
27
27
28
26
27
27
28
27
28
28
29
26
27
27
28
27
28
28
29
27
28
28
29
28
29
29
30
26
27
27
28
27
28
28
29
27
28
28
29
28
29
29
30
27
28
28
29
28
29
29
30
28
29
29
30
29
30
30
31
26
27
27
28
27
28
28
29
27
28
28
29
28
29
29
30
27
28
28
29
28
29
29
30
28
29
29
30
29
30
30
31
27
28
28
29
28
29
29
30
28
29
29
30
29
30
30
31
28
29
29
30
29
30
30
31
29
30
30
31
30
31
31
32
16
20
17
18
15
16
15
15
10
14
11
15
21
15
15
11
15
19
17
15
20
18
19
20
12
16
15
17
16
17
17
16
17
20
