"wertf"
"zx"
"z"
"yxz"
"bdac"
"cba"
""
""
"zyxwvutsrqponmlkjihgfedcba"
"vcbdgilpqswx"
""
"qednabijkpstuvwy"
""
"nqbishofwadegjkmprtuvxz"
"ncjabfglmpqstxy"
"blnw"
""
""
"bhdawcegjmnopqrstuyz"
"omdxthbuacefgijklnpqrsvwyz"
""
""
""
""
""
""
"oyftgbcdeiklmnpqrsuwxz"
""
""
"zrdiknoptx"
""
""
""
""
""
"exiabcdghklnotwz"
"oqabefgmrsvwxz"
""
""
"oncdrbfhmpsvxz"
""
""
"pavrefixcdghklnoqstuwyz"
""
""
""
""
"lvdeyupmjbcfghiknrstwx"
""
""
""
""
""
"ghtxadfijkmqsuvwy"
""
""
""
""
""
""
"tmladefhrvz"
"inqszeadfghjlmptwx"
""
"chaisbdefklmnoprtvwxyz"
"adpfcgijuvwxy"
""
""
""
"aibthjqeyxcdfgklmnoprsuvwz"
""
""
""
"rvogcxwluadhmnpqstyz"
""
""
""
"nhlfcdegijkmopqrsuvwz"
""
""
""
"bdijotu"
"yrpixmqcdegjklotuw"
"gybomjptdefklnsuvwx"
""
"iyabfknrsv"
"hipjrcdeklmnoqstuvxyz"
""
""
"bdefostwyz"
""
""
""
""
"pvoacenuz"
""
""
""
""
"ynqtmpuwbghjkorx"
""
""
""
""
""
""
""
"agjmpvx"
"pejqtoiuabdfgklmnsvwy"
""
"vfabcers"
