[""]
[""]
["",""]
["a"]
["a"]
["","a",""]
["a","b"]
["ab",""]
["a","b",""]
["ab",""]
["ab"]
["ab"]
["","a","b",""]
["a","b","c",""]
["a","bc",""]
["ab","c",""]
["a","b","c"]
["a","bc"]
["abc",""]
["abc",""]
["a","bc",""]
[""]
["a"]
["ab"]
["a","b","c","d",""]
["ab","c","d",""]
["a","bc","d",""]
["a","b","cd",""]
["a","b","c","d"]
["a","b","cd",""]
["ab","c","d",""]
["ab","c","d"]
["a","bc","d"]
["ab","cd",""]
["abcd",""]
["abc","d",""]
["abc"]
["abcd"]
["abcd"]
["a","bcde"]
["abcd","e",""]
["a","b","c","d","e",""]
["a","bc","de",""]
["a","bc","d","e"]
["abcde",""]
["abcd"]
["abcde"]
["abcde"]
["1","2","3","4","5","6","7",""]
["1","23","4","56","7",""]
["123","45","6","7"]
["1","234","5","67"]
["123456"]
["1234567"]
["1234567"]
["123"]
["1234"]
["12345"]
["1234567"]
["12345678"]
["12345678"]
["12345678"]
["123456789"]
["123456789"]
["123456789"]
["1234567890"]
["1234567890"]
["12345678901"]
["123456789012"]
["123456789012"]
["123456789012"]
["WRBqHdrOkyIDsdRMwRSYLBfaCYEdgxPlrlNppfkOKcqNnuwSmbUcJISmKtXxvRBJTSFzfMfdRsfbnvhFSqWQaeCZFKlOJppR","XiZx",""]
["WRBqHdrOkyIDsdRMwRSYLBfaCYEdgxPlrlNppfkOKcqNnuwSmbUcJISmKtXxvRBJTSFzfMfdRsfbnvhFSqWQaeCZFKlOJppR","X","iZx"]
["WRBqHdrOkyIDsdRMwRSYLBfaCYEdgxPlrlNppfkOKcqNnuwSmbUcJISmKtXxvRBJTSFzfMfdRsfbnvhFSqWQaeCZFKlOJppRXiZ","x",""]
["WRBqHdrOkyIDsdRMwRSYLBfaCYEdgxPlrlNppfkOKcqNnuwSmbUcJISmKtXxvRBJTSFzfMfdRsfbnvhFSqWQaeCZFKlOJppRXiZx",""]
["WRBqHdrOkyIDsdRMwRSYLBfaCYEdgxPlrlNppfkOKcqNnuwSmbUcJISmKtXxvRBJTSFzfMfdRsfbnvhFSqWQaeCZFKlOJppRXiZx",""]
["WRBqHdrOkyIDsdRMwRSYLBfaCYEdgxPlrlNppfkOKcqNnuwSmbUcJISmKtXxvRBJTSFzfMfdRsfbnvhFSqWQaeCZFKlOJppRXiZx",""]
["YEiOwYgGGpazYrplFQwkDXCUXHNjTziyCfytblUsRTKuElgBbHbetJZkDAJqQbRHOxTTudiNtBjsyZAmxFkeFBWbFUxsHOcYMtGGIZzwfyeBMvvtAgluXAveQFwHbBzfHjcSaysZgepMqOIuInlKzKMBrWVzYfkZheSFCNakYaQgsWpWkptxLlDFFYjmWFIJgWXxKyISNlbaLKJOWqkHAKnVxAjviPBIStqxkaPZeLAjqBGQldOrmXPoYLjkXSwEZLKoyYIkpGwaDzHknWAwvnKLZZLSwrAmXpUZJvOuAMVcYYxoWWsiKWlpLBiByhqTCJpZwCpvxlBmqYSAiQdCMhABbdBFMEwaqeFsNuHnmNMlXHWyajnBfr","uZyyhLaYdmEL","Z"]
["NhyvigOXChSAdhmpWjviYWGoiKcmADFOvaeXCsosgaoqHEsquGEeaqgonxCUKvVtFOFrQXTLbmZmhpwtJoEYQuJQSqKDPvEQbhLEBkKygvVKvxbQtLchstyGJyDruAEzpEdaICqpKGAorsHVgsQlpIVhnXPOceBHbvUrtrAzQhKQdxvqEsSnofffEelcoXeLbLrkFVxHTSGvukgKDdwCGNCjiDxoRTYiEydebRoedQFwfxyjuEJjARdQEkMiyYnARJnnXhDKDrgKIftjnpnslPzWxWqluyyaCOWeJVxRiAyZgIlUchsFJOwCWF","upgJKHNNGIYxfb","","h","YNGPNUoNmxnV","RpEaB","UJYluBdIk","XIHKvrBGzKb","LTS","Rw","LGEhe","zNUqypx","dLunRALXJzINbsABFBX","GkLqPhbJqCeyJ","UGChvKeqQDfPdMYg","JmBbrmQktKKJuRToo","rYQJoFJqzXtgnOGDWwtPgjwQg","GHos","xjZfsdGfGtaL","bXRVPUnO","Z","r","e",""]
["hRDVTBDaYKjHwAqUadxHqoXeZdfnrQuiaCOSWaUSXGJHiKjaiLqDjjLByNEitsNtZtkGDbrapzMHcPVoMNiSJFBvajeutZtLyeSwVgmMyArIiByklfPiiJsIxsfblsQiSIVWGZeRSSOPXNJRmPsNuBYcdsPVrehIWfLPkjkFiJIqQcRtKgtgQQCTwoleYbUeWDjXCCmTaNLQBAPctEsGtbGodXuBJSlOClYRCyosPJEiNQYgbXLUJxfTiIpeRgAsFEgftutWUsxrqInyrlduvyfuboiQguAnxuraieUrMVqwmTNHhOvoOSTgvcsKutNuhxbHGcoIPxNnQRLBXxoSjyHkvhsQgPUkTsPfgxoQRsXvTwDGtfkkSLQQbvwBFejInMcvfbHjGJAUNSqaQfkmIqkdhvBotmHoApyFRdYuWMhojJppwejfIeslQRBAiCjQZeGOwwvHImgwwOUrdHICpzixjcYFcgc","","U","","UTy","","LtaS","wM","szjUC","mgcMwS","","",""]
["hGBfyEfMOCxdLIIBeHCScmXupglxlLPLWDkAxxOHPSzBzibLqypQRIiNgCzWsqATwvXYdwZnrqvsTjMnyvYmCoukwgOHHcWfAUvbRbWZnlhnmmIIulLrepgUXzaUHyAbmoBBZKIdKlTAoriOjwjUSsiJAiCwiKkodimbihRoNrGJeITllNYfmzfZljFhpBqjJeQQWJFvdkaULBNgKgVeQWXNxLROhfcTZqaqlngNYfHRjlldiHRBnMSZbiZBAzVaXOisJpItWWFiMUNndAThbfQUcLRoFPFfDwADDOKJcWTavTTOHwQNKPmjxNrpHuJyscxEsGVZYJdjlNnNJQGtrJtJYLVnzDouhhIrFRmUwNCaDQvuyTfjnlDLMvdUacWzzeeTrtNYHQqvwNwsIeNHfdlvXHziCroXHMeDZfKIoAulkYQYdwJTivzEveTNUCKnOVLiMPjecvZzvHGvfugnjIzaWXhqbMVGzvEzNkwoIPLUiwNhetnz","","","",""]
