[]
["a"]
[]
["a b"]
["b b"]
["a b cd"]
["cats and dog","cat sand dog"]
[]
["aaaa aaa","aaa aaaa"]
["a a a a a a a","aa a a a a a","a aa a a a a","a a aa a a a","aa aa a a a","aaaa a a a","a a a aa a a","aa a aa a a","a aa aa a a","a aaaa a a","a a a a aa a","aa a a aa a","a aa a aa a","a a aa aa a","aa aa aa a","aaaa aa a","a a aaaa a","aa aaaa a","a a a a a aa","aa a a a aa","a aa a a aa","a a aa a aa","aa aa a aa","aaaa a aa","a a a aa aa","aa a aa aa","a aa aa aa","a aaaa aa","a a a aaaa","aa a aaaa","a aa aaaa"]
["a a a a a a a a","aa a a a a a a","a aa a a a a a","a a aa a a a a","aa aa a a a a","aaaa a a a a","a a a aa a a a","aa a aa a a a","a aa aa a a a","a aaaa a a a","a a a a aa a a","aa a a aa a a","a aa a aa a a","a a aa aa a a","aa aa aa a a","aaaa aa a a","a a aaaa a a","aa aaaa a a","a a a a a aa a","aa a a a aa a","a aa a a aa a","a a aa a aa a","aa aa a aa a","aaaa a aa a","a a a aa aa a","aa a aa aa a","a aa aa aa a","a aaaa aa a","a a a aaaa a","aa a aaaa a","a aa aaaa a","a a a a a a aa","aa a a a a aa","a aa a a a aa","a a aa a a aa","aa aa a a aa","aaaa a a aa","a a a aa a aa","aa a aa a aa","a aa aa a aa","a aaaa a aa","a a a a aa aa","aa a a aa aa","a aa a aa aa","a a aa aa aa","aa aa aa aa","aaaa aa aa","a a aaaa aa","aa aaaa aa","a a a a aaaa","aa a a aaaa","a aa a aaaa","a a aa aaaa","aa aa aaaa","aaaa aaaa"]
["aa aa aa aa","aaaa aa aa","aaa aaa aa","aa aaaa aa","aaa aa aaa","aa aaa aaa","aa aa aaaa","aaaa aaaa"]
["apple"]
[]
["goal special"]
["apple pie"]
["app le pie","apple pie"]
["a bcde fg","abcde fg"]
[]
["aggegbnngohbgga lojckbdfj akgnn jadhganf dkefeddjdnab mflabckflflja fdlmmbhij o jiaaifedaihn oinedhhnolc jdam"]
[]
["dgjgi acbiib fjjiiiibhhhihbffjfb iefbhaj hefecijgf hcfejh cfbaf"]
["memddjdcnhk memddjdcnhk hcibkmeeialfj aken"]
[]
[]
[]
["f a jbeokiakf m l a c b i nj d nj d m m f h a","fa jbeokiakf m l a c b i nj d nj d m m f h a","f a jbeokiakf m l a c bi nj d nj d m m f h a","fa jbeokiakf m l a c bi nj d nj d m m f h a","f a jbeokiakf mlacbi nj d nj d m m f h a","fa jbeokiakf mlacbi nj d nj d m m f h a","f a jbeokiakf m l a c b i njdnjdmmfha","fa jbeokiakf m l a c b i njdnjdmmfha","f a jbeokiakf m l a c bi njdnjdmmfha","fa jbeokiakf m l a c bi njdnjdmmfha","f a jbeokiakf mlacbi njdnjdmmfha","fa jbeokiakf mlacbi njdnjdmmfha"]
