0
2147483648
1073741824
536870912
268435456
134217728
67108864
33554432
16777216
8388608
4194304
2097152
1048576
524288
262144
131072
65536
32768
16384
8192
4096
2048
1024
512
256
128
64
32
16
8
4
2
1
4294967295
2863311530
1431655765
4278255360
16711935
4294901760
65535
255
3435973836
858993459
4042322160
252645135
1431677610
2863289685
859032780
3435934515
252702960
4042264335
16776960
4278190335
3221225472
2684354560
1610612736
3758096384
2415919104
1342177280
3489660928
805306368
2952790016
1879048192
4026531840
2281701376
1207959552
3355443200
671088640
2818572288
1744830464
3892314112
402653184
2550136832
1476395008
3623878656
939524096
3087007744
2013265920
4160749568
2214592512
1140850688
3288334336
603979776
2751463424
1677721600
3825205248
335544320
2483027968
1409286144
3556769792
872415232
3019898880
1946157056
4093640704
201326592
2348810240
1275068416
3422552064
738197504
2885681152
1811939328
3959422976
469762048
2617245696
1543503872
3690987520
1006632960
3154116608
2080374784
4227858432
2181038080
1107296256
3254779904
570425344
2717908992
1644167168
3791650816
301989888
2449473536
1375731712
3523215360
838860800
2986344448
1912602624
4060086272
167772160
2315255808
1241513984
3388997632
704643072
2852126720
1778384896
3925868544
436207616
2583691264
1509949440
3657433088
973078528
3120562176
2046820352
4194304000
100663296
2248146944
1174405120
3321888768
637534208
2785017856
1711276032
3858759680
369098752
2516582400
1442840576
3590324224
905969664
3053453312
1979711488
4127195136
234881024
2382364672
1308622848
3456106496
771751936
2919235584
1845493760
3992977408
503316480
2650800128
1577058304
3724541952
1040187392
3187671040
2113929216
4261412864
2164260864
1090519040
3238002688
553648128
2701131776
1627389952
3774873600
285212672
2432696320
1358954496
3506438144
822083584
2969567232
1895825408
4043309056
150994944
2298478592
1224736768
3372220416
687865856
2835349504
1761607680
3909091328
419430400
2566914048
1493172224
3640655872
956301312
3103784960
2030043136
4177526784
83886080
2231369728
1157627904
3305111552
620756992
2768240640
1694498816
3841982464
352321536
2499805184
1426063360
3573547008
889192448
3036676096
1962934272
4110417920
218103808
2365587456
1291845632
3439329280
754974720
2902458368
1828716544
3976200192
486539264
2634022912
1560281088
3707764736
1023410176
3170893824
2097152000
4244635648
50331648
2197815296
1124073472
3271557120
587202560
2734686208
1660944384
3808428032
318767104
2466250752
1392508928
3539992576
855638016
3003121664
1929379840
4076863488
184549376
2332033024
1258291200
3405774848
721420288
2868903936
1795162112
3942645760
452984832
2600468480
1526726656
3674210304
989855744
3137339392
2063597568
4211081216
117440512
2264924160
1191182336
3338665984
654311424
2801795072
1728053248
3875536896
385875968
2533359616
1459617792
3607101440
922746880
3070230528
1996488704
4143972352
251658240
2399141888
1325400064
3472883712
788529152
2936012800
1862270976
4009754624
520093696
2667577344
1593835520
3741319168
1056964608
3204448256
2130706432
4278190080
16777215
2164260863
1090519039
3238002687
553648127
2701131775
1627389951
3774873599
285212671
2432696319
1358954495
3506438143
822083583
2969567231
1895825407
4043309055
150994943
2298478591
1224736767
3372220415
687865855
2835349503
1761607679
3909091327
419430399
2566914047
1493172223
3640655871
956301311
3103784959
2030043135
4177526783
83886079
2231369727
1157627903
3305111551
620756991
2768240639
1694498815
3841982463
352321535
2499805183
1426063359
3573547007
889192447
3036676095
1962934271
4110417919
218103807
2365587455
1291845631
3439329279
754974719
2902458367
1828716543
3976200191
486539263
2634022911
1560281087
3707764735
1023410175
3170893823
2097151999
4244635647
50331647
2197815295
1124073471
3271557119
587202559
2734686207
1660944383
3808428031
318767103
2466250751
1392508927
3539992575
855638015
3003121663
1929379839
4076863487
184549375
2332033023
1258291199
3405774847
721420287
2868903935
1795162111
3942645759
452984831
2600468479
1526726655
3674210303
989855743
3137339391
2063597567
4211081215
117440511
2264924159
1191182335
3338665983
654311423
2801795071
1728053247
3875536895
385875967
2533359615
1459617791
3607101439
922746879
3070230527
1996488703
4143972351
251658239
2399141887
1325400063
3472883711
788529151
2936012799
1862270975
4009754623
520093695
2667577343
1593835519
3741319167
1056964607
3204448255
2130706431
4278190079
33554431
2181038079
1107296255
3254779903
570425343
2717908991
1644167167
3791650815
301989887
2449473535
1375731711
3523215359
838860799
2986344447
1912602623
4060086271
167772159
2315255807
1241513983
3388997631
704643071
2852126719
1778384895
3925868543
436207615
2583691263
1509949439
3657433087
973078527
3120562175
2046820351
4194303999
100663295
2248146943
1174405119
3321888767
637534207
2785017855
1711276031
3858759679
369098751
2516582399
1442840575
3590324223
905969663
3053453311
1979711487
4127195135
234881023
2382364671
1308622847
3456106495
771751935
2919235583
1845493759
3992977407
503316479
2650800127
1577058303
3724541951
1040187391
3187671039
2113929215
4261412863
67108863
2214592511
1140850687
3288334335
603979775
2751463423
1677721599
3825205247
335544319
2483027967
1409286143
3556769791
872415231
3019898879
1946157055
4093640703
201326591
2348810239
1275068415
3422552063
738197503
2885681151
1811939327
3959422975
469762047
2617245695
1543503871
3690987519
1006632959
3154116607
2080374783
4227858431
134217727
2281701375
1207959551
3355443199
671088639
2818572287
1744830463
3892314111
402653183
2550136831
1476395007
3623878655
939524095
3087007743
2013265919
4160749567
268435455
2415919103
1342177279
3489660927
805306367
2952790015
1879048191
4026531839
536870911
2684354559
1610612735
3758096383
1073741823
3221225471
2147483647
1486126419
3418730469
1973403946
1330115249
3563366574
98891651
41664033
621754794
1663324226
3930855589
3015723074
3586140076
4136005613
3637060793
3276199181
282691668
3942982237
3617449129
3457731486
2631844192
3723964044
3587460822
2949326697
3485586414
964176192
3160970579
3318945961
3116726922
3370009785
3350078268
1783407598
3110349911
358523834
2024713839
1965640572
3243639208
3344675163
1516938948
4058501886
1640891372
3776579783
984985271
753434889
1235830632
1016816927
