[]
[1]
[4,7,2,9,6,3,1]
[1,null,2]
[1,2]
[2,null,3,null,1]
[3,2,1]
[3,null,1,2]
[3,1,null,null,2]
[2,3,null,1]
[4,null,1,null,2,null,3]
[1,3,4,null,null,null,2]
[4,null,2,3,1]
[3,null,1,null,2,4]
[3,4,2,null,1]
[1,3,4,2]
[3,null,2,4,null,null,1]
[2,3,1,null,null,4]
[3,null,4,2,null,1]
[2,3,null,null,4,null,1]
[3,2,null,4,1]
[1,4,null,null,3,2]
[4,3,null,1,null,null,2]
[3,4,null,1,null,2]
[3,null,1,null,4,null,2,null,5]
[1,4,5,null,null,null,2,null,3]
[5,null,2,3,4,null,null,null,1]
[2,null,5,null,3,4,1]
[2,null,5,null,4,null,3,1]
[2,4,1,null,5,null,3]
[1,2,3,5,null,null,4]
[4,null,2,1,3,null,5]
[3,1,5,null,null,2,4]
[3,null,2,4,5,1]
[3,null,4,null,5,1,null,null,2]
[3,4,2,null,null,null,5,1]
[5,null,3,2,4,null,null,1]
[2,null,3,null,4,5,null,1]
[1,3,4,null,2,null,null,null,5]
[4,2,1,3,5]
[5,1,3,null,4,null,null,2]
[2,4,5,3,null,null,null,null,1]
[3,2,1,5,null,null,null,4]
[3,null,1,2,null,null,4,null,5]
[5,1,3,null,null,4,null,null,2]
[5,null,4,2,null,1,3]
[3,null,1,5,null,null,4,2]
[2,1,4,null,3,5]
[2,3,1,4,null,5]
[3,null,5,4,null,1,null,null,2]
[2,1,3,null,null,5,null,4]
[5,null,4,2,null,1,null,3]
[1,4,null,null,3,null,2,null,5]
[5,3,null,2,1,null,null,null,4]
[2,5,null,null,3,1,4]
[4,3,null,null,5,null,2,1]
[3,5,null,1,4,null,2]
[4,5,null,3,2,1]
[5,2,null,null,1,4,null,null,3]
[2,4,null,1,5,null,null,3]
[3,1,null,null,2,4,null,5]
[1,3,null,2,null,null,5,null,4]
[3,4,null,2,null,1,5]
[3,5,null,1,null,null,4,2]
[3,1,null,2,null,4,null,null,5]
[4,5,null,3,null,1,null,2]
[37,-48,-34,48,-100,-100,null,null,-54,null,null,null,null,-22,-71,8]
[-64,18,12,76,null,-53,-4,3,-93,null,null,-51,null,53,3,null,47,-31,null,11,-60,-44,-51,null,4,33,-81,74,60,27,-31,-81,26,-64,-35,null,78,null,null,null,null,null,null,null,null,null,67,-51,-11,-49,-59,null,-24,12,47,-38,8,null,null,null,null,null,null,null,-4,17,-70,null,null,null,72,-55,10,-19,-37,null,-67,null,null,null,null,37,-34,90,null,null,-30,-90,48,null,-91,-88,44,80,3,null,null,null,null,-53,-88,-65,56,null,-77,-17,null,72,34,67,-18,null,null,-96,-31,-85,-31,-38,73,null,null,null,null,null,-67,null,null,null,null,null,null,-27,72,92,null,null,null,null,24,-26,70,-40,98,null,null,-42,81,null,86,-33,null,null,-84,39,null,null,null,null,null,null,null,-98,-1,-92,null,null,null,43,null,null,-72,null,-36,-66,-54,null,null,null,null,null,98,null,null,null,-93]
