[]
[1]
[4,7,2,9,6,3,1]
[1,#,2]
[1,2]
[2,#,3,#,1]
[3,2,1]
[3,#,1,2]
[3,1,#,#,2]
[2,3,#,1]
[4,#,1,#,2,#,3]
[1,3,4,#,#,#,2]
[4,#,2,3,1]
[3,#,1,#,2,4]
[3,4,2,#,1]
[1,3,4,2]
[3,#,2,4,#,#,1]
[2,3,1,#,#,4]
[3,#,4,2,#,1]
[2,3,#,#,4,#,1]
[3,2,#,4,1]
[1,4,#,#,3,2]
[4,3,#,1,#,#,2]
[3,4,#,1,#,2]
[3,#,1,#,4,#,2,#,5]
[1,4,5,#,#,#,2,#,3]
[5,#,2,3,4,#,#,#,1]
[2,#,5,#,3,4,1]
[2,#,5,#,4,#,3,1]
[2,4,1,#,5,#,3]
[1,2,3,5,#,#,4]
[4,#,2,1,3,#,5]
[3,1,5,#,#,2,4]
[3,#,2,4,5,1]
[3,#,4,#,5,1,#,#,2]
[3,4,2,#,#,#,5,1]
[5,#,3,2,4,#,#,1]
[2,#,3,#,4,5,#,1]
[1,3,4,#,2,#,#,#,5]
[4,2,1,3,5]
[5,1,3,#,4,#,#,2]
[2,4,5,3,#,#,#,#,1]
[3,2,1,5,#,#,#,4]
[3,#,1,2,#,#,4,#,5]
[5,1,3,#,#,4,#,#,2]
[5,#,4,2,#,1,3]
[3,#,1,5,#,#,4,2]
[2,1,4,#,3,5]
[2,3,1,4,#,5]
[3,#,5,4,#,1,#,#,2]
[2,1,3,#,#,5,#,4]
[5,#,4,2,#,1,#,3]
[1,4,#,#,3,#,2,#,5]
[5,3,#,2,1,#,#,#,4]
[2,5,#,#,3,1,4]
[4,3,#,#,5,#,2,1]
[3,5,#,1,4,#,2]
[4,5,#,3,2,1]
[5,2,#,#,1,4,#,#,3]
[2,4,#,1,5,#,#,3]
[3,1,#,#,2,4,#,5]
[1,3,#,2,#,#,5,#,4]
[3,4,#,2,#,1,5]
[3,5,#,1,#,#,4,2]
[3,1,#,2,#,4,#,#,5]
[4,5,#,3,#,1,#,2]
[37,-48,-34,48,-100,-100,#,#,-54,#,#,#,#,-22,-71,8]
[-64,18,12,76,#,-53,-4,3,-93,#,#,-51,#,53,3,#,47,-31,#,11,-60,-44,-51,#,4,33,-81,74,60,27,-31,-81,26,-64,-35,#,78,#,#,#,#,#,#,#,#,#,67,-51,-11,-49,-59,#,-24,12,47,-38,8,#,#,#,#,#,#,#,-4,17,-70,#,#,#,72,-55,10,-19,-37,#,-67,#,#,#,#,37,-34,90,#,#,-30,-90,48,#,-91,-88,44,80,3,#,#,#,#,-53,-88,-65,56,#,-77,-17,#,72,34,67,-18,#,#,-96,-31,-85,-31,-38,73,#,#,#,#,#,-67,#,#,#,#,#,#,-27,72,92,#,#,#,#,24,-26,70,-40,98,#,#,-42,81,#,86,-33,#,#,-84,39,#,#,#,#,#,#,#,-98,-1,-92,#,#,#,43,#,#,-72,#,-36,-66,-54,#,#,#,#,#,98,#,#,#,-93]
