0
0
0
0
0
0
0
0
0
0
0
0
0
0
0
0
1
0
0
0
3
1
0
1
1
4
5
1
10
151
6
0
5
211
371
48
48
18
0
6
46
0
0
1
1
442
16
4
29
0
0
108
7
153
200
343
11
448
419
215
215
55
70
189
173
0
35
1
4
52
0
13
127
375
1
0
152
102
28
3
22
151
7
189
13
7
9
53
5
156
223
514
33
98
108
7
25
48
1
17
10
7
67
7
25
415
313
79
516
65
98
433
141
132
39
152
194
73
0
0
2
0
1
69
182
79
14
16
150
139
868
650
478
882
16
1250
1117
588
272
230
2726
17
2321
428
77
913
548
629
118
603
63
66
5
314
737
23
589
557
792
278
394
180
38
305
280
54
1
852
2790
190
1191
180
445
266
273
409
1428
420
285
457
1072
310
867
2412
363
517
329
458
7
138
445
963
1664
56
366
248
542
549
506
946
130
62
1041
23
524
189
767
2252
563
34
1003
221
116
549
28
181
34
98
0
140
208
388
762
756
138
1190
151
846
412
128
164393
128573
19129
241974
165829
68531
117731
88834
11307
42898
84590
160305
5214
69072
86989
323340
155149
30224
235793
238626
158143
78172
220675
48698
66192
91013
255973
63786
135283
124797
159386
247807
133320
61519
312583
113681
12724
109336
85270
117459
79664
158014
137864
114563
10590
46215
23443
201054
246517
124736
114846
99330
64291
212930
148356
227255
109320
92811
173567
38301
258831
217843
192932
119793
127388
95616
210743
82029
105509
97107
187434
155920
109119
173697
141464
301037
134800
41454
66664
30323
199373
85191
141151
