""
""
""
"a"
"a"
""
"a"
"ab"
"ab"
"ab"
""
"a"
"ab"
"abc"
"abc"
"abc"
"abcd"
"abcd"
"abcd"
"abcde"
"abcde"
"123456"
"1234567"
"1234567"
"123"
"1234"
"12345"
"1234567"
"12345678"
"12345678"
"12345678"
"123456789"
"123456789"
"123456789"
"1234567890"
"1234567890"
"12345678901"
"123456789012"
"123456789012"
"123456789012"
"WRBqHdrOkyIDsdRMwRSYLBfaCYEdgxPlrlNppfkOKcqNnuwSmbUcJISmKtXxvRBJTSFzfMfdRsfbnvhFSqWQaeCZFKlOJppR"
"WRBqHdrOkyIDsdRMwRSYLBfaCYEdgxPlrlNppfkOKcqNnuwSmbUcJISmKtXxvRBJTSFzfMfdRsfbnvhFSqWQaeCZFKlOJppRXiZ"
"WRBqHdrOkyIDsdRMwRSYLBfaCYEdgxPlrlNppfkOKcqNnuwSmbUcJISmKtXxvRBJTSFzfMfdRsfbnvhFSqWQaeCZFKlOJppRXiZx"
"WRBqHdrOkyIDsdRMwRSYLBfaCYEdgxPlrlNppfkOKcqNnuwSmbUcJISmKtXxvRBJTSFzfMfdRsfbnvhFSqWQaeCZFKlOJppRXiZx"
"WRBqHdrOkyIDsdRMwRSYLBfaCYEdgxPlrlNppfkOKcqNnuwSmbUcJISmKtXxvRBJTSFzfMfdRsfbnvhFSqWQaeCZFKlOJppRXiZx"
"YEiOwYgGGpazYrplFQwkDXCUXHNjTziyCfytblUsRTKuElgBbHbetJZkDAJqQbRHOxTTudiNtBjsyZAmxFkeFBWbFUxsHOcYMtGGIZzwfyeBMvvtAgluXAveQFwHbBzfHjcSaysZgepMqOIuInlKzKMBrWVzYfkZheSFCNakYaQgsWpWkptxLlDFFYjmWFIJgWXxKyISNlbaLKJOWqkHAKnVxAjviPBIStqxkaPZeLAjqBGQldOrmXPoYLjkXSwEZLKoyYIkpGwaDzHknWAwvnKLZZLSwrAmXpUZJvOuAMVcYYxoWWsiKWlpLBiByhqTCJpZwCpvxlBmqYSAiQdCMhABbdBFMEwaqeFsNuHnmNMlXHWyajnBfr"
"NhyvigOXChSAdhmpWjviYWGoiKcmADFOvaeXCsosgaoqHEsquGEeaqgonxCUKvVtFOFrQXTLbmZmhpwtJoEYQuJQSqKDPvEQbhLEBkKygvVKvxbQtLchstyGJyDruAEzpEdaICqpKGAorsHVgsQlpIVhnXPOceBHbvUrtrAzQhKQdxvqEsSnofffEelcoXeLbLrkFVxHTSGvukgKDdwCGNCjiDxoRTYiEydebRoedQFwfxyjuEJjARdQEkMiyYnARJnnXhDKDrgKIftjnpnslPzWxWqluyyaCOWeJVxRiAyZgIlUchsFJOwCWF"
"hRDVTBDaYKjHwAqUadxHqoXeZdfnrQuiaCOSWaUSXGJHiKjaiLqDjjLByNEitsNtZtkGDbrapzMHcPVoMNiSJFBvajeutZtLyeSwVgmMyArIiByklfPiiJsIxsfblsQiSIVWGZeRSSOPXNJRmPsNuBYcdsPVrehIWfLPkjkFiJIqQcRtKgtgQQCTwoleYbUeWDjXCCmTaNLQBAPctEsGtbGodXuBJSlOClYRCyosPJEiNQYgbXLUJxfTiIpeRgAsFEgftutWUsxrqInyrlduvyfuboiQguAnxuraieUrMVqwmTNHhOvoOSTgvcsKutNuhxbHGcoIPxNnQRLBXxoSjyHkvhsQgPUkTsPfgxoQRsXvTwDGtfkkSLQQbvwBFejInMcvfbHjGJAUNSqaQfkmIqkdhvBotmHoApyFRdYuWMhojJppwejfIeslQRBAiCjQZeGOwwvHImgwwOUrdHICpzixjcYFcgc"
"hGBfyEfMOCxdLIIBeHCScmXupglxlLPLWDkAxxOHPSzBzibLqypQRIiNgCzWsqATwvXYdwZnrqvsTjMnyvYmCoukwgOHHcWfAUvbRbWZnlhnmmIIulLrepgUXzaUHyAbmoBBZKIdKlTAoriOjwjUSsiJAiCwiKkodimbihRoNrGJeITllNYfmzfZljFhpBqjJeQQWJFvdkaULBNgKgVeQWXNxLROhfcTZqaqlngNYfHRjlldiHRBnMSZbiZBAzVaXOisJpItWWFiMUNndAThbfQUcLRoFPFfDwADDOKJcWTavTTOHwQNKPmjxNrpHuJyscxEsGVZYJdjlNnNJQGtrJtJYLVnzDouhhIrFRmUwNCaDQvuyTfjnlDLMvdUacWzzeeTrtNYHQqvwNwsIeNHfdlvXHziCroXHMeDZfKIoAulkYQYdwJTivzEveTNUCKnOVLiMPjecvZzvHGvfugnjIzaWXhqbMVGzvEzNkwoIPLUiwNhetnz"
