[]
[]
["",""]
[]
["c","c"]
["ant","ant"]
["and","dan"]
["",""]
["","",""]
["h","h","h"]
[]
["ape","pea"]
["ate","eat","tea"]
["ate","eat","tea"]
["and","ate","dan","eat","tea"]
["","","","eat","tea","tea"]
["eat","tea"]
[]
[]
[]
[]
[]
["apt","apt"]
["cat","cat"]
["nat","tan"]
["ins","sin"]
["hos","hos"]
["day","day"]
["ems","mes"]
["rig","rig"]
["art","rat"]
["zip","zip"]
["man","nam"]
["yak","yak"]
["map","pam"]
["den","ned","yup","yup"]
["hay","hay","rig","rig"]
["toe","toe"]
["ate","eat"]
["pub","pub"]
["awl","fdr","fdr","for","fro","law","new","new"]
["coy","coy"]
["ken","ken"]
["vat","vat"]
["not","ton"]
["deb","deb","pup","pup","ugh","ugh"]
["hug","pis","sip","ugh"]
["art","fag","fag","tar"]
["via","via"]
["amp","amp","fax","fax","nab","nab"]
["arc","car","doe","ode","sop","sop","try","try"]
["amy","got","may","may","tog"]
["ate","ate","yep","yep"]
["nip","pin"]
["shy","shy","sue","use"]
["ant","hon","hon","nat","rod","rod","the","the"]
["ian","ina","man","man","why","why"]
["apt","apt"]
["fen","fen","joy","joy","joy","ohm","ohm"]
["ark","ark","bur","dot","dot","hos","nip","nip","oaf","oaf","ohs","pus","rub","sup"]
["cal","cal","don","hon","hon","lea","lea","nod"]
["fro","fro"]
["amy","amy","bud","dee","dee","dub","hah","hah"]
["hot","tho"]
["ark","ark","bar","bmw","bmw","bra","ewe","gas","poe","poe","sag","saw","was","wee"]
["bad","dab"]
["ape","ape","cod","doc","sin","sin","tow","wot"]
["aim","aim"]
["den","end","jed","jed","pal","pal","wed","wed"]
["its","ray","ray","sit"]
["buy","buy","cam","dis","mac","sid","sid"]
["ate","eat"]
["art","rat"]
["eel","lee"]
["but","but"]
["new","wen"]
["yon","yon"]
["fan","fan"]
["wok","wok"]
["gym","gym","now","own","per","per","yuk","yuk"]
["pei","pie"]
["ion","ion"]
["kit","kit","ref","ref","tor","tor"]
["bib","bib"]
["ash","has","one","one","our","our","sic","sic"]
["gut","tug"]
["eke","eke","fee","fee","fee"]
["dis","dos","ids","sod"]
["arm","arm","lin","lin","pat","pat","ram"]
["eat","par","rap","tea"]
["ash","bad","bad","has"]
["chi","chi"]
["jfk","jfk","jfk"]
["ian","ian"]
["ardent","lactated","lactated","overjoying","overjoying","ranted","repackage","repackage","stiflings","stiflings","tramps","tramps"]
["bridges","bridges","callus","callus","confluences","confluences","efficacious","efficacious","love","lubricated","lubricated","vole"]
["artier","arty","dissenter","dooms","exist","exits","irater","moods","overturns","residents","rinsed","snider","tray","turnovers"]
["admires","den","end","inches","leno","misread","niches","olen","oust","outs","peru","pure"]
["coroners","crooners","gums","mugs","per","potties","rep","sanity","satiny","smug","tiptoes"]
["adorn","agra","aisled","altitude","alva","aneurism","ankhs","annmarie","annul","ar","armenian","art","arts","ashe","ates","avails","balm","bantams","bared","bast","batsman","best","bets","bombing","bosser","brandeis","brandies","brutes","cants","carets","carmine","caterers","chaste","chastens","cheers","churl","citadels","clouts","configures","continued","corine","courses","coursing","crimean","croesus","cronies","damien","dean","debra","deltas","demands","deserve","destine","dialects","doer","dryer","edna","eels","enrico","ericson","escher","essequibo","ewe","filets","fingers","flatcar","fliers","fractal","frats","fringes","gel","ginsu","great","greta","grip","grouper","gush","hairs","hales","halters","handy","hank","hanks","hardy","haydn","heads","heston","honest","hugs","hums","hurdle","hurled","hustle","hydra","ideals","idlest","importunes","inset","irksome","iterates","khan","kramer","lamb","lanker","lasted","latitude","lava","lees","leg","lifers","listed","lives","locust","looping","luann","luaus","lurch","maddens","maleness","males","median","mobbing","moister","mood","mortise","mush","naivest","newsed","nit","note","obsequies","odom","omar","orientals","outtake","outtakes","padre","palestine","pear","penalties","penis","pepsi","petal","pins","pipes","pleat","pointer","pokes","pooling","posers","potters","prig","proses","protein","ra","rafts","raga","rankle","rape","raped","rapiers","raspier","rat","recast","redness","redo","refocusing","regor","regroup","relations","remark","resins","resumption","retraces","retracing","rifles","ringlets","rinses","roam","roger","romero","ronda","roomer","rudest","rusted","ryder","saar","sachet","salem","salesmen","saliva","salver","sara","sate","scant","senders","severed","shade","shale","shari","shea","shiver","shout","shrive","slather","slaver","sleuth","smokier","snip","sobers","sourcing","south","spared","spine","spoke","spotter","spread","stab","stakeout","stanches","stein","steined","sterling","stew","stifle","strewed","sumerian","sweden","tacos","takeout","taster","terracing","thickest","thickset","tide","tied","tin","tone","tosca","treatise","treats","trouts","tsar","tubers","tutors","unions","unison","unnoticed","using","usual","vainest","veils","wares","wears","wee","west","wield","wiled","withers","wrested","writhes"]
