[]
[]
["",""]
[]
["c","c"]
["ant","ant"]
["and","dan"]
["",""]
["","",""]
["h","h","h"]
[]
["ape","pea"]
["ate","eat","tea"]
["tea","ate","eat"]
["and","dan","tea","ate","eat"]
["","","","tea","eat","tea"]
["tea","eat"]
[]
[]
[]
[]
[]
["apt","apt"]
["cat","cat"]
["nat","tan"]
["sin","ins"]
["hos","hos"]
["day","day"]
["ems","mes"]
["rig","rig"]
["rat","art"]
["zip","zip"]
["man","nam"]
["yak","yak"]
["map","pam"]
["den","ned","yup","yup"]
["hay","hay","rig","rig"]
["toe","toe"]
["ate","eat"]
["pub","pub"]
["awl","law","fdr","fdr","new","new","fro","for"]
["coy","coy"]
["ken","ken"]
["vat","vat"]
["not","ton"]
["deb","deb","ugh","ugh","pup","pup"]
["hug","ugh","sip","pis"]
["fag","fag","tar","art"]
["via","via"]
["nab","nab","fax","fax","amp","amp"]
["arc","car","ode","doe","sop","sop","try","try"]
["may","amy","may","got","tog"]
["ate","ate","yep","yep"]
["nip","pin"]
["use","sue","shy","shy"]
["nat","ant","rod","rod","the","the","hon","hon"]
["ian","ina","man","man","why","why"]
["apt","apt"]
["fen","fen","ohm","ohm","joy","joy","joy"]
["oaf","oaf","ark","ark","bur","rub","dot","dot","ohs","hos","nip","nip","pus","sup"]
["cal","cal","lea","lea","nod","don","hon","hon"]
["fro","fro"]
["hah","hah","amy","amy","bud","dub","dee","dee"]
["tho","hot"]
["bra","bar","gas","sag","ark","ark","saw","was","bmw","bmw","ewe","wee","poe","poe"]
["dab","bad"]
["ape","ape","cod","doc","sin","sin","tow","wot"]
["aim","aim"]
["pal","pal","jed","jed","end","den","wed","wed"]
["ray","ray","sit","its"]
["mac","cam","buy","buy","sid","sid","dis"]
["eat","ate"]
["rat","art"]
["lee","eel"]
["but","but"]
["new","wen"]
["yon","yon"]
["fan","fan"]
["wok","wok"]
["per","per","gym","gym","yuk","yuk","now","own"]
["pie","pei"]
["ion","ion"]
["ref","ref","kit","kit","tor","tor"]
["bib","bib"]
["has","ash","sic","sic","one","one","our","our"]
["gut","tug"]
["fee","fee","fee","eke","eke"]
["dis","ids","sod","dos"]
["arm","ram","arm","pat","pat","lin","lin"]
["tea","eat","par","rap"]
["bad","bad","has","ash"]
["chi","chi"]
["jfk","jfk","jfk"]
["ian","ian"]
["lactated","lactated","repackage","repackage","ranted","ardent","tramps","tramps","overjoying","overjoying","stiflings","stiflings"]
["lubricated","lubricated","efficacious","efficacious","callus","callus","bridges","bridges","confluences","confluences","vole","love"]
["irater","artier","arty","tray","dissenter","residents","rinsed","snider","dooms","moods","exits","exist","overturns","turnovers"]
["admires","misread","inches","niches","end","den","leno","olen","pure","peru","outs","oust"]
["satiny","sanity","crooners","coroners","potties","tiptoes","per","rep","mugs","gums","smug"]
["batsman","bantams","flatcar","fractal","armenian","annmarie","agra","raga","avails","saliva","alva","lava","sara","saar","brandeis","brandies","bared","debra","balm","lamb","stab","bast","dialects","citadels","caterers","retraces","retracing","terracing","stanches","chastens","chaste","sachet","carmine","crimean","recast","carets","scant","cants","tacos","tosca","demands","maddens","shade","heads","ideals","aisled","latitude","altitude","damien","median","deltas","lasted","dean","edna","padre","raped","spread","spared","handy","haydn","hardy","hydra","ronda","adorn","palestine","penalties","iterates","treatise","maleness","salesmen","great","greta","slather","halters","hales","shale","ashe","shea","relations","orientals","aneurism","sumerian","naivest","vainest","raspier","rapiers","rankle","lanker","kramer","remark","outtakes","stakeout","outtake","takeout","salem","males","pleat","petal","slaver","salver","rape","pear","taster","treats","wares","wears","ates","sate","frats","rafts","hairs","shari","hank","khan","ankhs","hanks","luann","annul","luaus","usual","omar","roam","ar","ra","arts","tsar","rat","art","bombing","mobbing","obsequies","essequibo","bosser","sobers","brutes","tubers","best","bets","continued","unnoticed","escher","cheers","refocusing","configures","thickest","thickset","corine","enrico","ericson","cronies","courses","croesus","coursing","sourcing","churl","lurch","locust","clouts","severed","deserve","destine","steined","redness","senders","newsed","sweden","wrested","strewed","hurdle","hurled","idlest","listed","wiled","wield","tide","tied","redo","doer","ryder","dryer","rusted","rudest","mood","odom","lees","eels","wee","ewe","fingers","fringes","lifers","fliers","rifles","filets","stifle","ringlets","sterling","gel","leg","regroup","grouper","roger","regor","withers","writhes","shrive","shiver","sleuth","hustle","honest","heston","irksome","smokier","veils","lives","importunes","resumption","moister","mortise","pointer","protein","penis","spine","rinses","resins","inset","stein","pepsi","pipes","spoke","pokes","romero","roomer","tone","note","proses","posers","potters","spotter","west","stew","hugs","gush","looping","pooling","using","ginsu","prig","grip","hums","mush","shout","south","unions","unison","snip","pins","nit","tin","tutors","trouts"]
