4
2000000000
37
38
41
44
46
39
42
44
39
39
41
38
37
38
40
46
52
56
42
48
52
42
42
46
40
38
41
46
52
58
68
42
48
58
42
42
52
46
41
44
52
58
64
80
42
48
64
42
42
58
52
44
46
56
68
80
100
48
60
80
48
48
68
56
46
39
42
42
42
48
36
36
42
36
36
42
42
39
42
48
48
48
60
36
36
48
36
36
48
48
42
44
52
58
64
80
42
48
64
42
42
58
52
44
39
42
42
42
48
36
36
42
36
36
42
42
39
39
42
42
42
48
36
36
42
36
36
42
42
39
41
46
52
58
68
42
48
58
42
42
52
46
41
38
40
46
52
56
42
48
52
42
42
46
40
38
37
38
41
44
46
39
42
44
39
39
41
38
37
37
38
41
44
46
39
42
44
39
39
41
38
37
38
40
46
52
56
42
48
52
42
42
46
40
38
41
46
52
58
68
42
48
58
42
42
52
46
41
44
52
58
64
80
42
48
64
42
42
58
52
44
46
56
68
80
100
48
60
80
48
48
68
56
46
39
42
42
42
48
36
36
42
36
36
42
42
39
42
48
48
48
60
36
36
48
36
36
48
48
42
44
52
58
64
80
42
48
64
42
42
58
52
44
39
42
42
42
48
36
36
42
36
36
42
42
39
39
42
42
42
48
36
36
42
36
36
42
42
39
41
46
52
58
68
42
48
58
42
42
52
46
41
38
40
46
52
56
42
48
52
42
42
46
40
38
37
38
41
44
46
39
42
44
39
39
41
38
37
100
101
105
110
112
103
108
110
103
104
106
101
100
101
103
111
121
125
107
117
121
107
109
113
103
101
106
113
121
131
145
107
117
131
107
109
123
113
106
112
125
133
143
169
107
117
143
107
109
135
125
112
114
129
145
165
195
115
135
165
115
119
149
129
114
104
109
109
109
119
99
99
109
99
99
109
109
104
110
121
121
121
143
99
99
121
99
99
121
121
110
112
125
133
143
169
107
117
143
107
109
135
125
112
105
111
111
111
123
99
99
111
99
99
111
111
105
105
111
111
111
123
99
99
111
99
99
111
111
105
107
115
123
133
149
107
117
133
107
109
125
115
107
101
103
111
121
125
107
117
121
107
109
113
103
101
100
101
105
110
112
103
108
110
103
104
106
101
100
100
101
105
110
112
103
108
110
103
104
106
101
100
101
103
111
121
125
107
117
121
107
109
113
103
101
106
113
121
131
145
107
117
131
107
109
123
113
106
112
125
133
143
169
107
117
143
107
109
135
125
112
114
129
145
165
195
115
135
165
115
119
149
129
114
104
109
109
109
119
99
99
109
99
99
109
109
104
110
121
121
121
143
99
99
121
99
99
121
121
110
112
125
133
143
169
107
117
143
107
109
135
125
112
105
111
111
111
123
99
99
111
99
99
111
111
105
105
111
111
111
123
99
99
111
99
99
111
111
105
107
115
123
133
149
107
117
133
107
109
125
115
107
101
103
111
121
125
107
117
121
107
109
113
103
101
100
101
105
110
112
103
108
110
103
104
106
101
100
109
110
114
119
121
112
117
119
112
113
115
110
109
110
112
120
130
134
116
126
130
116
118
122
112
110
116
124
132
142
158
116
126
142
116
118
134
124
116
122
136
144
154
182
116
126
154
116
118
146
136
122
124
140
156
176
208
124
144
176
124
128
160
140
124
114
120
120
120
132
108
108
120
108
108
120
120
114
120
132
132
132
156
108
108
132
108
108
132
132
120
122
136
144
154
182
116
126
154
116
118
146
136
122
114
120
120
120
132
108
108
120
108
108
120
120
114
114
120
120
120
132
108
108
120
108
108
120
120
114
116
124
132
142
158
116
126
142
116
118
134
124
116
110
112
120
130
134
116
126
130
116
118
122
112
110
109
110
114
119
121
112
117
119
112
113
115
110
109
109
110
114
119
121
112
117
119
112
113
115
110
109
110
112
120
130
134
116
126
130
116
118
122
112
110
116
124
132
142
158
116
126
142
116
118
134
124
116
122
136
144
154
182
116
126
154
116
118
146
136
122
124
140
156
176
208
124
144
176
124
128
160
140
124
114
120
120
120
132
108
108
120
108
108
120
120
114
120
132
132
132
156
108
108
132
108
108
132
132
120
122
136
144
154
182
116
126
154
116
118
146
136
122
114
120
120
120
132
108
108
120
108
108
120
120
114
114
120
120
120
132
108
108
120
108
108
120
120
114
116
124
132
142
158
116
126
142
116
118
134
124
116
110
112
120
130
134
116
126
130
116
118
122
112
110
109
110
114
119
121
112
117
119
112
113
115
110
109
133
134
139
145
147
137
143
145
138
138
140
134
133
134
136
146
158
162
142
154
158
144
144
148
136
134
140
148
158
170
186
142
154
170
144
144
160
148
140
146
160
170
182
210
142
154
182
144
144
172
160
146
148
164
184
208
240
152
176
208
156
156
188
164
148
138
144
144
144
156
132
132
144
132
132
144
144
138
144
156
156
156
180
132
132
156
132
132
156
156
144
146
160
170
182
210
142
154
182
144
144
172
160
146
138
144
144
144
156
132
132
144
132
132
144
144
138
138
144
144
144
156
132
132
144
132
132
144
144
138
140
148
158
170
186
142
154
170
144
144
160
148
140
134
136
146
158
162
142
154
158
144
144
148
136
134
133
134
139
145
147
137
143
145
138
138
140
134
133
133
134
139
145
147
137
143
145
138
138
140
134
133
134
136
146
158
162
142
154
158
144
144
148
136
134
140
148
158
170
186
142
154
170
144
144
160
148
140
146
160
170
182
210
142
154
182
144
144
172
160
146
148
164
184
208
240
152
176
208
156
156
188
164
148
138
144
144
144
156
132
132
144
132
132
144
144
138
144
156
156
156
180
132
132
156
132
132
156
156
144
146
160
170
182
210
142
154
182
144
144
172
160
146
138
144
144
144
156
132
132
144
132
132
144
144
138
138
144
144
144
156
132
132
144
132
132
144
144
138
140
148
158
170
186
142
154
170
144
144
160
148
140
134
136
146
158
162
142
154
158
144
144
148
136
134
133
134
139
145
147
137
143
145
138
138
140
134
133
56
57
62
68
70
60
66
68
61
61
63
57
56
57
59
69
81
85
65
77
81
67
67
71
59
57
59
63
73
85
93
65
77
85
67
67
75
63
59
62
69
79
91
105
65
77
91
67
67
81
69
62
64
73
93
117
135
75
99
117
79
79
97
73
64
57
59
59
59
63
55
55
59
55
55
59
59
57
60
65
65
65
75
55
55
65
55
55
65
65
60
62
69
79
91
105
65
77
91
67
67
81
69
62
57
59
59
59
63
55
55
59
55
55
59
59
57
58
61
61
61
67
55
55
61
55
55
61
61
58
60
65
75
87
97
65
77
87
67
67
77
65
60
57
59
69
81
85
65
77
81
67
67
71
59
57
56
57
62
68
70
60
66
68
61
61
63
57
56
56
57
62
68
70
60
66
68
61
61
63
57
56
57
59
69
81
85
65
77
81
67
67
71
59
57
59
63
73
85
93
65
77
85
67
67
75
63
59
62
69
79
91
105
65
77
91
67
67
81
69
62
64
73
93
117
135
75
99
117
79
79
97
73
64
57
59
59
59
63
55
55
59
55
55
59
59
57
60
65
65
65
75
55
55
65
55
55
65
65
60
62
69
79
91
105
65
77
91
67
67
81
69
62
57
59
59
59
63
55
55
59
55
55
59
59
57
58
61
61
61
67
55
55
61
55
55
61
61
58
60
65
75
87
97
65
77
87
67
67
77
65
60
57
59
69
81
85
65
77
81
67
67
71
59
57
56
57
62
68
70
60
66
68
61
61
63
57
56
81
82
90
98
100
88
96
98
88
88
90
82
81
82
84
100
116
120
96
112
116
96
96
100
84
82
84
88
104
120
128
96
112
120
96
96
104
88
84
87
94
110
126
140
96
112
126
96
96
110
94
87
89
98
130
162
180
112
144
162
112
112
130
98
89
82
84
84
84
88
80
80
84
80
80
84
84
82
85
90
90
90
100
80
80
90
80
80
90
90
85
87
94
110
126
140
96
112
126
96
96
110
94
87
82
84
84
84
88
80
80
84
80
80
84
84
82
83
86
86
86
92
80
80
86
80
80
86
86
83
85
90
106
122
132
96
112
122
96
96
106
90
85
82
84
100
116
120
96
112
116
96
96
100
84
82
81
82
90
98
100
88
96
98
88
88
90
82
81
81
82
90
98
100
88
96
98
88
88
90
82
81
82
84
100
116
120
96
112
116
96
96
100
84
82
84
88
104
120
128
96
112
120
96
96
104
88
84
87
94
110
126
140
96
112
126
96
96
110
94
87
89
98
130
162
180
112
144
162
112
112
130
98
89
82
84
84
84
88
80
80
84
80
80
84
84
82
85
90
90
90
100
80
80
90
80
80
90
90
85
87
94
110
126
140
96
112
126
96
96
110
94
87
82
84
84
84
88
80
80
84
80
80
84
84
82
83
86
86
86
92
80
80
86
80
80
86
86
83
85
90
106
122
132
96
112
122
96
96
106
90
85
82
84
100
116
120
96
112
116
96
96
100
84
82
81
82
90
98
100
88
96
98
88
88
90
82
81
86
87
89
92
94
87
90
92
87
88
90
87
86
87
89
93
99
103
89
95
99
89
91
95
89
87
95
105
109
115
135
89
95
115
89
91
111
105
95
104
123
127
133
171
89
95
133
89
91
129
123
104
106
127
135
147
189
93
105
147
93
97
139
127
106
93
101
101
101
117
85
85
101
85
85
101
101
93
102
119
119
119
153
85
85
119
85
85
119
119
102
104
123
127
133
171
89
95
133
89
91
129
123
104
93
101
101
101
117
85
85
101
85
85
101
101
93
94
103
103
103
121
85
85
103
85
85
103
103
94
96
107
111
117
139
89
95
117
89
91
113
107
96
87
89
93
99
103
89
95
99
89
91
95
89
87
86
87
89
92
94
87
90
92
87
88
90
87
86
86
87
89
92
94
87
90
92
87
88
90
87
86
87
89
93
99
103
89
95
99
89
91
95
89
87
95
105
109
115
135
89
95
115
89
91
111
105
95
104
123
127
133
171
89
95
133
89
91
129
123
104
106
127
135
147
189
93
105
147
93
97
139
127
106
93
101
101
101
117
85
85
101
85
85
101
101
93
102
119
119
119
153
85
85
119
85
85
119
119
102
104
123
127
133
171
89
95
133
89
91
129
123
104
93
101
101
101
117
85
85
101
85
85
101
101
93
94
103
103
103
121
85
85
103
85
85
103
103
94
96
107
111
117
139
89
95
117
89
91
113
107
96
87
89
93
99
103
89
95
99
89
91
95
89
87
86
87
89
92
94
87
90
92
87
88
90
87
86
166
167
174
182
184
172
180
182
173
173
175
167
166
167
169
183
199
203
179
195
199
181
181
185
169
167
172
179
193
209
223
179
195
209
181
181
195
179
172
178
191
205
221
247
179
195
221
181
181
207
191
178
180
195
223
255
285
193
225
255
197
197
227
195
180
170
175
175
175
185
165
165
175
165
165
175
175
170
176
187
187
187
209
165
165
187
165
165
187
187
176
178
191
205
221
247
179
195
221
181
181
207
191
178
171
177
177
177
189
165
165
177
165
165
177
177
171
171
177
177
177
189
165
165
177
165
165
177
177
171
173
181
195
211
227
179
195
211
181
181
197
181
173
167
169
183
199
203
179
195
199
181
181
185
169
167
166
167
174
182
184
172
180
182
173
173
175
167
166
166
167
174
182
184
172
180
182
173
173
175
167
166
167
169
183
199
203
179
195
199
181
181
185
169
167
172
179
193
209
223
179
195
209
181
181
195
179
172
178
191
205
221
247
179
195
221
181
181
207
191
178
180
195
223
255
285
193
225
255
197
197
227
195
180
170
175
175
175
185
165
165
175
165
165
175
175
170
176
187
187
187
209
165
165
187
165
165
187
187
176
178
191
205
221
247
179
195
221
181
181
207
191
178
171
177
177
177
189
165
165
177
165
165
177
177
171
171
177
177
177
189
165
165
177
165
165
177
177
171
173
181
195
211
227
179
195
211
181
181
197
181
173
167
169
183
199
203
179
195
199
181
181
185
169
167
166
167
174
182
184
172
180
182
173
173
175
167
166
205
206
212
218
220
210
216
218
210
210
212
206
205
206
208
220
232
236
216
228
232
216
216
220
208
206
214
224
236
248
268
216
228
248
216
216
236
224
214
223
242
254
266
304
216
228
266
216
216
254
242
223
225
246
270
294
336
228
252
294
228
228
270
246
225
212
220
220
220
236
204
204
220
204
204
220
220
212
221
238
238
238
272
204
204
238
204
204
238
238
221
223
242
254
266
304
216
228
266
216
216
254
242
223
212
220
220
220
236
204
204
220
204
204
220
220
212
213
222
222
222
240
204
204
222
204
204
222
222
213
215
226
238
250
272
216
228
250
216
216
238
226
215
206
208
220
232
236
216
228
232
216
216
220
208
206
205
206
212
218
220
210
216
218
210
210
212
206
205
205
206
212
218
220
210
216
218
210
210
212
206
205
206
208
220
232
236
216
228
232
216
216
220
208
206
214
224
236
248
268
216
228
248
216
216
236
224
214
223
242
254
266
304
216
228
266
216
216
254
242
223
225
246
270
294
336
228
252
294
228
228
270
246
225
212
220
220
220
236
204
204
220
204
204
220
220
212
221
238
238
238
272
204
204
238
204
204
238
238
221
223
242
254
266
304
216
228
266
216
216
254
242
223
212
220
220
220
236
204
204
220
204
204
220
220
212
213
222
222
222
240
204
204
222
204
204
222
222
213
215
226
238
250
272
216
228
250
216
216
238
226
215
206
208
220
232
236
216
228
232
216
216
220
208
206
205
206
212
218
220
210
216
218
210
210
212
206
204
2
2147483647
