0
0
0
0
0
1
1
1
1
1
2
2
2
2
2
3
3
3
3
3
4
7
9
12
14
16
19
21
21
21
21
21
22
22
22
22
22
24
24
24
24
24
25
25
25
25
25
26
49
50
55
65
65
68
70
70
72
96
105
111
115
119
127
131
131
136
143
146
148
152
156
160
160
165
166
178
184
187
190
191
195
195
197
197
200
200
202
206
208
215
215
220
221
222
230
236
238
239
246
249
250
250
252
257
262
263
264
268
276
280
282
283
287
294
301
314
319
321
326
331
334
340
355
356
357
386
386
387
390
402
402
407
412
421
432
438
443
448
448
455
464
480
481
484
505
506
511
514
519
523
524
530
532
539
546
550
564
569
576
577
580
581
582
586
589
595
600
607
611
612
613
614
630
632
638
639
645
646
649
652
655
664
673
683
698
704
706
711
713
714
721
735
738
742
752
761
781
787
788
794
794
795
803
808
818
826
828
833
838
838
840
849
850
851
863
868
874
881
883
888
892
893
900
908
911
911
917
919
923
929
931
932
944
945
964
969
982
983
984
986
986
999
1002
1008
1023
1024
1027
1038
1042
1042
1043
1044
1045
1050
1054
1055
1056
1056
1057
1068
1077
1080
1080
1086
1087
1088
1094
1100
1102
1105
1108
1133
1142
1143
1157
1163
1176
1176
1188
1192
1192
1199
1200
1205
1206
1214
1218
1226
1231
1236
1239
1243
1255
1262
1270
1276
1282
1284
1296
1296
1301
1305
1313
1317
1318
1319
1320
1325
1331
1345
1360
1360
1363
1366
1367
1377
1380
1395
1423
1430
1433
1438
1439
1445
1456
1457
1473
1481
1487
1488
1491
1491
1501
1507
1507
1516
1522
1530
1536
1537
1538
1545
1565
1577
1578
1583
1584
1587
1587
1596
1597
1609
1624
1625
1659
1662
1671
1682
1682
1693
1698
1704
1707
1710
1712
1719
1722
1737
1740
1751
1753
1755
1769
1774
1782
1788
1790
1792
1792
1802
1805
1808
1813
1814
1817
1818
1823
1824
1826
1827
1831
1831
1832
1836
1839
1843
1845
1862
1877
1883
1886
1888
1889
1890
1892
1892
1900
1900
1920
1931
1932
1937
1943
1944
1957
1958
1964
1970
1976
1983
2005
2008
2011
2018
2020
2032
2034
2036
2042
2046
2057
2061
2068
2077
2087
2089
2092
2098
2101
2104
2110
2111
2114
2114
2116
2117
2127
2129
2135
2156
2158
2169
2172
2182
2188
2194
2198
2201
2202
2206
2207
2214
2230
2231
2241
2249
2257
2260
2261
2264
2266
2268
2272
2276
2293
2294
2295
2306
2317
2330
2331
2338
2349
2350
2353
2359
2363
2370
2386
2398
2427
2443
2451
2460
2462
2468
2483
2487
2492
2499
452137076
536870902
