"One Hundred Twenty Three"
"Twelve Thousand Three Hundred Forty Five"
"One Million Two Hundred Thirty Four Thousand Five Hundred Sixty Seven"
"One Billion Two Hundred Thirty Four Million Five Hundred Sixty Seven Thousand Eight Hundred Ninety One"
"Zero"
"One"
"Two"
"Three"
"Four"
"Five"
"Six"
"Seven"
"Eight"
"Nine"
"Ten"
"Eleven"
"Twelve"
"Thirteen"
"Fourteen"
"Fifteen"
"Sixteen"
"Seventeen"
"Eighteen"
"Nineteen"
"Twenty"
"Twenty One"
"Twenty Two"
"Twenty Three"
"Twenty Four"
"Twenty Five"
"Twenty Six"
"Twenty Seven"
"Twenty Eight"
"Twenty Nine"
"Thirty"
"Thirty One"
"Thirty Two"
"Thirty Three"
"Thirty Four"
"Thirty Five"
"Thirty Six"
"Thirty Seven"
"Thirty Eight"
"Thirty Nine"
"Forty"
"Forty One"
"Forty Two"
"Forty Three"
"Forty Four"
"Forty Five"
"Forty Six"
"Forty Seven"
"Forty Eight"
"Forty Nine"
"Fifty"
"Fifty One"
"Fifty Two"
"Fifty Three"
"Fifty Four"
"Fifty Five"
"Fifty Six"
"Fifty Seven"
"Fifty Eight"
"Fifty Nine"
"Sixty"
"Sixty One"
"Sixty Two"
"Sixty Three"
"Sixty Four"
"Sixty Five"
"Sixty Six"
"Sixty Seven"
"Sixty Eight"
"Sixty Nine"
"Seventy"
"Seventy One"
"Seventy Two"
"Seventy Three"
"Seventy Four"
"Seventy Five"
"Seventy Six"
"Seventy Seven"
"Seventy Eight"
"Seventy Nine"
"Eighty"
"Eighty One"
"Eighty Two"
"Eighty Three"
"Eighty Four"
"Eighty Five"
"Eighty Six"
"Eighty Seven"
"Eighty Eight"
"Eighty Nine"
"Ninety"
"Ninety One"
"Ninety Two"
"Ninety Three"
"Ninety Four"
"Ninety Five"
"Ninety Six"
"Ninety Seven"
"Ninety Eight"
"Ninety Nine"
"One Hundred"
"One Hundred One"
"One Hundred Two"
"One Hundred Three"
"One Hundred Four"
"One Hundred Five"
"One Hundred Six"
"One Hundred Seven"
"One Hundred Eight"
"One Hundred Nine"
"One Hundred Ten"
"One Hundred Eleven"
"One Hundred Twelve"
"One Hundred Thirteen"
"One Hundred Fourteen"
"One Hundred Fifteen"
"One Hundred Sixteen"
"One Hundred Seventeen"
"One Hundred Eighteen"
"One Hundred Nineteen"
"One Hundred Twenty"
"One Hundred Twenty One"
"One Hundred Twenty Two"
"One Hundred Twenty Three"
"One Hundred Twenty Four"
"One Hundred Twenty Five"
"One Hundred Twenty Six"
"One Hundred Twenty Seven"
"One Hundred Twenty Eight"
"One Hundred Twenty Nine"
"One Hundred Thirty"
"One Hundred Thirty One"
"One Hundred Thirty Two"
"One Hundred Thirty Three"
"One Hundred Thirty Four"
"One Hundred Thirty Five"
"One Hundred Thirty Six"
"One Hundred Thirty Seven"
"One Hundred Thirty Eight"
"One Hundred Thirty Nine"
"One Hundred Forty"
"One Hundred Forty One"
"One Hundred Forty Two"
"One Hundred Forty Three"
"One Hundred Forty Four"
"One Hundred Forty Five"
"One Hundred Forty Six"
"One Hundred Forty Seven"
"One Hundred Forty Eight"
"One Hundred Forty Nine"
"One Hundred Fifty"
"One Hundred Fifty One"
"One Hundred Fifty Two"
"One Hundred Fifty Three"
"One Hundred Fifty Four"
"One Hundred Fifty Five"
"One Hundred Fifty Six"
"One Hundred Fifty Seven"
"One Hundred Fifty Eight"
"One Hundred Fifty Nine"
"One Hundred Sixty"
"One Hundred Sixty One"
"One Hundred Sixty Two"
"One Hundred Sixty Three"
"One Hundred Sixty Four"
"One Hundred Sixty Five"
"One Hundred Sixty Six"
"One Hundred Sixty Seven"
"One Hundred Sixty Eight"
"One Hundred Sixty Nine"
"One Hundred Seventy"
"One Hundred Seventy One"
"One Hundred Seventy Two"
"One Hundred Seventy Three"
"One Hundred Seventy Four"
"One Hundred Seventy Five"
"One Hundred Seventy Six"
"One Hundred Seventy Seven"
"One Hundred Seventy Eight"
"One Hundred Seventy Nine"
"One Hundred Eighty"
"One Hundred Eighty One"
"One Hundred Eighty Two"
"One Hundred Eighty Three"
"One Hundred Eighty Four"
"One Hundred Eighty Five"
"One Hundred Eighty Six"
"One Hundred Eighty Seven"
"One Hundred Eighty Eight"
"One Hundred Eighty Nine"
"One Hundred Ninety"
"One Hundred Ninety One"
"One Hundred Ninety Two"
"One Hundred Ninety Three"
"One Hundred Ninety Four"
"One Hundred Ninety Five"
"One Hundred Ninety Six"
"One Hundred Ninety Seven"
"One Hundred Ninety Eight"
"One Hundred Ninety Nine"
"Two Hundred"
"Two Hundred One"
"Two Hundred Two"
"Two Hundred Three"
"Two Hundred Four"
"Two Hundred Five"
"Two Hundred Six"
"Two Hundred Seven"
"Two Hundred Eight"
"Two Hundred Nine"
"Two Hundred Ten"
"Two Hundred Eleven"
"Two Hundred Twelve"
"Two Hundred Thirteen"
"Two Hundred Fourteen"
"Two Hundred Fifteen"
"Two Hundred Sixteen"
"Two Hundred Seventeen"
"Two Hundred Eighteen"
"Two Hundred Nineteen"
"Two Hundred Twenty"
"Two Hundred Twenty One"
"Two Hundred Twenty Two"
"Two Hundred Twenty Three"
"Two Hundred Twenty Four"
"Two Hundred Twenty Five"
"Two Hundred Twenty Six"
"Two Hundred Twenty Seven"
"Two Hundred Twenty Eight"
"Two Hundred Twenty Nine"
"Two Hundred Thirty"
"Two Hundred Thirty One"
"Two Hundred Thirty Two"
"Two Hundred Thirty Three"
"Two Hundred Thirty Four"
"Two Hundred Thirty Five"
"Two Hundred Thirty Six"
"Two Hundred Thirty Seven"
"Two Hundred Thirty Eight"
"Two Hundred Thirty Nine"
"Two Hundred Forty"
"Two Hundred Forty One"
"Two Hundred Forty Two"
"Two Hundred Forty Three"
"Two Hundred Forty Four"
"Two Hundred Forty Five"
"Two Hundred Forty Six"
"Two Hundred Forty Seven"
"Two Hundred Forty Eight"
"Two Hundred Forty Nine"
"Two Hundred Fifty"
"Two Hundred Fifty One"
"Two Hundred Fifty Two"
"Two Hundred Fifty Three"
"Two Hundred Fifty Four"
"Two Hundred Fifty Five"
"Two Hundred Fifty Six"
"Two Hundred Fifty Seven"
"Two Hundred Fifty Eight"
"Two Hundred Fifty Nine"
"Two Hundred Sixty"
"Two Hundred Sixty One"
"Two Hundred Sixty Two"
"Two Hundred Sixty Three"
"Two Hundred Sixty Four"
"Two Hundred Sixty Five"
"Two Hundred Sixty Six"
"Two Hundred Sixty Seven"
"Two Hundred Sixty Eight"
"Two Hundred Sixty Nine"
"Two Hundred Seventy"
"Two Hundred Seventy One"
"Two Hundred Seventy Two"
"Two Hundred Seventy Three"
"Two Hundred Seventy Four"
"Two Hundred Seventy Five"
"Two Hundred Seventy Six"
"Two Hundred Seventy Seven"
"Two Hundred Seventy Eight"
"Two Hundred Seventy Nine"
"Two Hundred Eighty"
"Two Hundred Eighty One"
"Two Hundred Eighty Two"
"Two Hundred Eighty Three"
"Two Hundred Eighty Four"
"Two Hundred Eighty Five"
"Two Hundred Eighty Six"
"Two Hundred Eighty Seven"
"Two Hundred Eighty Eight"
"Two Hundred Eighty Nine"
"Two Hundred Ninety"
"Two Hundred Ninety One"
"Two Hundred Ninety Two"
"Two Hundred Ninety Three"
"Two Hundred Ninety Four"
"Two Hundred Ninety Five"
"Two Hundred Ninety Six"
"Two Hundred Ninety Seven"
"Two Hundred Ninety Eight"
"Two Hundred Ninety Nine"
"Three Hundred"
"Three Hundred One"
"Three Hundred Two"
"Three Hundred Three"
"Three Hundred Four"
"Three Hundred Five"
"Three Hundred Six"
"Three Hundred Seven"
"Three Hundred Eight"
"Three Hundred Nine"
"Three Hundred Ten"
"Three Hundred Eleven"
"Three Hundred Twelve"
"Three Hundred Thirteen"
"Three Hundred Fourteen"
"Three Hundred Fifteen"
"Three Hundred Sixteen"
"Three Hundred Seventeen"
"Three Hundred Eighteen"
"Three Hundred Nineteen"
"Three Hundred Twenty"
"Three Hundred Twenty One"
"Three Hundred Twenty Two"
"Three Hundred Twenty Three"
"Three Hundred Twenty Four"
"Three Hundred Twenty Five"
"Three Hundred Twenty Six"
"Three Hundred Twenty Seven"
"Three Hundred Twenty Eight"
"Three Hundred Twenty Nine"
"Three Hundred Thirty"
"Three Hundred Thirty One"
"Three Hundred Thirty Two"
"Three Hundred Thirty Three"
"Three Hundred Thirty Four"
"Three Hundred Thirty Five"
"Three Hundred Thirty Six"
"Three Hundred Thirty Seven"
"Three Hundred Thirty Eight"
"Three Hundred Thirty Nine"
"Three Hundred Forty"
"Three Hundred Forty One"
"Three Hundred Forty Two"
"Three Hundred Forty Three"
"Three Hundred Forty Four"
"Three Hundred Forty Five"
"Three Hundred Forty Six"
"Three Hundred Forty Seven"
"Three Hundred Forty Eight"
"Three Hundred Forty Nine"
"Three Hundred Fifty"
"Three Hundred Fifty One"
"Three Hundred Fifty Two"
"Three Hundred Fifty Three"
"Three Hundred Fifty Four"
"Three Hundred Fifty Five"
"Three Hundred Fifty Six"
"Three Hundred Fifty Seven"
"Three Hundred Fifty Eight"
"Three Hundred Fifty Nine"
"Three Hundred Sixty"
"Three Hundred Sixty One"
"Three Hundred Sixty Two"
"Three Hundred Sixty Three"
"Three Hundred Sixty Four"
"Three Hundred Sixty Five"
"Three Hundred Sixty Six"
"Three Hundred Sixty Seven"
"Three Hundred Sixty Eight"
"Three Hundred Sixty Nine"
"Three Hundred Seventy"
"Three Hundred Seventy One"
"Three Hundred Seventy Two"
"Three Hundred Seventy Three"
"Three Hundred Seventy Four"
"Three Hundred Seventy Five"
"Three Hundred Seventy Six"
"Three Hundred Seventy Seven"
"Three Hundred Seventy Eight"
"Three Hundred Seventy Nine"
"Three Hundred Eighty"
"Three Hundred Eighty One"
"Three Hundred Eighty Two"
"Three Hundred Eighty Three"
"Three Hundred Eighty Four"
"Three Hundred Eighty Five"
"Three Hundred Eighty Six"
"Three Hundred Eighty Seven"
"Three Hundred Eighty Eight"
"Three Hundred Eighty Nine"
"Three Hundred Ninety"
"Three Hundred Ninety One"
"Three Hundred Ninety Two"
"Three Hundred Ninety Three"
"Three Hundred Ninety Four"
"Three Hundred Ninety Five"
"Three Hundred Ninety Six"
"Three Hundred Ninety Seven"
"Three Hundred Ninety Eight"
"Three Hundred Ninety Nine"
"Four Hundred"
"Four Hundred One"
"Four Hundred Two"
"Four Hundred Three"
"Four Hundred Four"
"Four Hundred Five"
"Four Hundred Six"
"Four Hundred Seven"
"Four Hundred Eight"
"Four Hundred Nine"
"Four Hundred Ten"
"Four Hundred Eleven"
"Four Hundred Twelve"
"Four Hundred Thirteen"
"Four Hundred Fourteen"
"Four Hundred Fifteen"
"Four Hundred Sixteen"
"Four Hundred Seventeen"
"Four Hundred Eighteen"
"Four Hundred Nineteen"
"Four Hundred Twenty"
"Four Hundred Twenty One"
"Four Hundred Twenty Two"
"Four Hundred Twenty Three"
"Four Hundred Twenty Four"
"Four Hundred Twenty Five"
"Four Hundred Twenty Six"
"Four Hundred Twenty Seven"
"Four Hundred Twenty Eight"
"Four Hundred Twenty Nine"
"Four Hundred Thirty"
"Four Hundred Thirty One"
"Four Hundred Thirty Two"
"Four Hundred Thirty Three"
"Four Hundred Thirty Four"
"Four Hundred Thirty Five"
"Four Hundred Thirty Six"
"Four Hundred Thirty Seven"
"Four Hundred Thirty Eight"
"Four Hundred Thirty Nine"
"Four Hundred Forty"
"Four Hundred Forty One"
"Four Hundred Forty Two"
"Four Hundred Forty Three"
"Four Hundred Forty Four"
"Four Hundred Forty Five"
"Four Hundred Forty Six"
"Four Hundred Forty Seven"
"Four Hundred Forty Eight"
"Four Hundred Forty Nine"
"Four Hundred Fifty"
"Four Hundred Fifty One"
"Four Hundred Fifty Two"
"Four Hundred Fifty Three"
"Four Hundred Fifty Four"
"Four Hundred Fifty Five"
"Four Hundred Fifty Six"
"Four Hundred Fifty Seven"
"Four Hundred Fifty Eight"
"Four Hundred Fifty Nine"
"Four Hundred Sixty"
"Four Hundred Sixty One"
"Four Hundred Sixty Two"
"Four Hundred Sixty Three"
"Four Hundred Sixty Four"
"Four Hundred Sixty Five"
"Four Hundred Sixty Six"
"Four Hundred Sixty Seven"
"Four Hundred Sixty Eight"
"Four Hundred Sixty Nine"
"Four Hundred Seventy"
"Four Hundred Seventy One"
"Four Hundred Seventy Two"
"Four Hundred Seventy Three"
"Four Hundred Seventy Four"
"Four Hundred Seventy Five"
"Four Hundred Seventy Six"
"Four Hundred Seventy Seven"
"Four Hundred Seventy Eight"
"Four Hundred Seventy Nine"
"Four Hundred Eighty"
"Four Hundred Eighty One"
"Four Hundred Eighty Two"
"Four Hundred Eighty Three"
"Four Hundred Eighty Four"
"Four Hundred Eighty Five"
"Four Hundred Eighty Six"
"Four Hundred Eighty Seven"
"Four Hundred Eighty Eight"
"Four Hundred Eighty Nine"
"Four Hundred Ninety"
"Four Hundred Ninety One"
"Four Hundred Ninety Two"
"Four Hundred Ninety Three"
"Four Hundred Ninety Four"
"Four Hundred Ninety Five"
"Four Hundred Ninety Six"
"Four Hundred Ninety Seven"
"Four Hundred Ninety Eight"
"Four Hundred Ninety Nine"
"Five Hundred"
"Six Hundred Forty Eight"
"Five Hundred Sixty One"
"Eight Hundred Seventy Four"
"Seven Hundred Ninety One"
"Nine Hundred Seventy Eight"
"Five Hundred Ninety Two"
"Nine Hundred Eighty Five"
"Nine Hundred Ninety Nine"
"One Thousand"
"One Thousand One"
"One Thousand Nine"
"One Thousand Ten"
"One Thousand Ninety Nine"
"One Thousand One Hundred"
"One Thousand Nine Hundred Ninety Nine"
"Two Thousand"
"Nine Thousand"
"Nine Thousand Ninety Nine"
"Nine Thousand Nine Hundred Ninety Nine"
"Ten Thousand"
"Fifty Thousand Eight Hundred Sixty Eight"
"Four Thousand Eight Hundred Ninety Eight"
"Ninety Thousand One Hundred Sixty Nine"
"Twenty Five Thousand Nine Hundred Forty Two"
"Twenty Two Thousand Seven Hundred Eighty Five"
"Eleven Thousand One Hundred Twenty Two"
"Thirty Nine Thousand Nine Hundred Sixty Five"
"Fifty Six Thousand One Hundred Ninety Six"
"Nineteen Thousand Two Hundred Eighty Six"
"Thirty Nine Thousand Eight Hundred Nine"
"Ninety Nine Thousand Nine Hundred Ninety Nine"
"One Hundred Thousand"
"One Hundred Twenty Three Thousand One Hundred Twenty Three"
"Five Hundred Thirty Eight Thousand Two Hundred Seventy One"
"One Hundred Ninety Nine Thousand Nine Hundred Ninety Nine"
"Two Hundred Thousand"
"Nine Hundred Ninety Nine Thousand Nine Hundred Ninety"
"Nine Hundred Nine Thousand Nine Hundred Ninety Nine"
"Nine Hundred Ninety Nine Thousand Nine Hundred Ninety Nine"
"One Million"
"One Million Ten"
"One Million Twenty One"
"One Million Ten Thousand One Hundred One"
"One Million Six Hundred Ninety Three Thousand Four Hundred Seventy Nine"
"Three Million Fifty Five Thousand"
"Nine Million Nine Hundred Ninety Nine Thousand Nine Hundred Ninety Nine"
"Ten Million"
"Thirty Million Two Hundred Five Thousand Sixty Eight"
"Sixty Five Million Five Hundred Thirty Eight Thousand Five Hundred Thirteen"
"Seventy Four Million Seven Hundred Fifty Eight Thousand Eight Hundred Twenty Five"
"Seventy One Million Five Hundred One Thousand Nine Hundred Eighty"
"Twenty Nine Million Nine Hundred Ninety Seven Thousand Forty Six"
"Ninety Nine Million Nine Hundred Ninety Nine Thousand Nine Hundred Ninety Nine"
"Three Million Two Hundred Thousand Three Hundred Forty Eight"
"Forty Two Million Six Hundred Six Thousand Six Hundred Eighty Nine"
"Thirty Nine Million One Hundred Twenty Four Thousand Six Hundred Fifty Eight"
"Twenty Million Eighteen Thousand Three Hundred Thirty Eight"
"One Hundred Million"
"One Hundred Million One"
"One Hundred Million Fifty"
"One Hundred Million One Hundred"
"One Hundred Million Nine Thousand"
"One Hundred Million Eighty Thousand"
"One Hundred Million Six Hundred Thousand"
"One Hundred Four Million"
"Seven Hundred Ninety Million"
"Three Hundred Seventy Seven Million Three Hundred Twenty Nine Thousand Seven Hundred Eighty Six"
"Seven Hundred Thirty Six Million Four Hundred Ninety Nine Thousand Five Hundred Four"
"Four Hundred Five Million Twenty Seven Thousand Seven Hundred Sixty"
"Five Hundred Eight Million Three Hundred Seventy Thousand One Hundred Fifty Seven"
"Nine Hundred Forty Four Million Nine Hundred Seventy Nine Thousand Nine Hundred Eighty Eight"
"One Hundred Twenty Million Three Hundred Thirteen Thousand Three Hundred Seventeen"
"One Hundred Thirty One Million Nine Hundred Sixty Two Thousand Five Hundred Ninety Seven"
"Four Hundred Sixty Three Million Eight Hundred Forty Seven Thousand Four Hundred Twelve"
"Five Hundred Sixty Three Million Eight Hundred Forty Seven Thousand Four Hundred Twelve"
"Six Hundred Forty Million Five Hundred Fifty Five Thousand Seven Hundred Eighteen"
"One Hundred Eighty Six Million Eight Hundred Fifty Two Thousand One Hundred Thirteen"
"Eight Hundred Seven Million Eight Hundred Ninety Nine Thousand Twenty Seven"
"Nine Hundred Ninety Nine Million Nine Hundred Ninety Nine Thousand Nine Hundred Ninety Nine"
"One Billion"
"One Billion One"
"One Billion One Million"
"One Billion Six Hundred Million"
"One Billion Two Million One Hundred Twelve Thousand One"
"One Billion Seven Hundred Six Million Five Hundred Seventy Two Thousand Four Hundred Two"
"One Billion Eight Hundred Seventy One Million Two Hundred Seventy Five Thousand Four Hundred Forty Seven"
"One Billion Nine Hundred Three Million One Hundred Thirteen Thousand Ninety One"
"One Billion Ninety Three Million Four Hundred Forty Six Thousand Three Hundred Forty Three"
"One Billion Eighty Seven Million One Hundred One Thousand Three Hundred Thirty Four"
"One Billion Nine Hundred Sixty Seven Million Six Hundred Forty Thousand One Hundred Sixty Five"
"One Billion Seven Hundred Eleven Million Seventy Thousand Fifty Eight"
"One Billion Fifteen Million Six Hundred Sixty Seven Thousand Seven Hundred Twenty"
"One Billion One Hundred Forty Five Million Four Hundred Ninety Five Thousand Six Hundred Thirty Three"
"One Billion Two Hundred Forty Two Million Six Hundred Eighteen Thousand Seven Hundred Eighteen"
"Two Billion One Hundred Sixteen Million Four Hundred Twenty One Thousand Nine Hundred Fifty Seven"
"Two Billion One Hundred Forty Seven Million Four Hundred Eighty Three Thousand Six Hundred Forty Seven"
