0
0
1
0
0
3
3
3
2
1
0
3
0
2
7
7
11
2
3
6
13
17
15
24
6
6
8
6
8
6
6
6
8
5
8
5
6
6
6
5
4
3
3
3
3
2
1
0
10
10
13
10
13
10
12
12
15
10
15
10
15
15
15
13
12
10
15
15
15
13
12
10
10
10
13
10
13
10
12
12
15
9
15
9
15
15
15
12
12
9
15
15
15
12
12
9
10
10
15
10
15
10
10
10
15
9
15
9
13
13
13
12
8
7
13
13
13
12
8
7
10
10
12
10
12
10
10
10
12
9
12
9
10
10
10
9
8
7
7
7
7
6
5
4
6
6
8
6
8
6
6
6
8
5
8
5
6
6
6
5
4
3
3
3
3
2
1
0
7
5
10
6
14
11
15
15
9
19
12
11
9
14
12
28
28
20
18
28
27
10
7
14
7
14
8
14
16
5
10
13
14
15
11
11
6
0
469
482
2818
1648961
8740
