[]
["1"]
["1->2"]
["1->3"]
["1->2","1->3"]
["1->2->4","1->3"]
["1->2->4","1->3"]
["1->2","1->3->4"]
["1->2","1->3->4"]
["1->2->5","1->3->6"]
["1->2->5","1->2->6","1->3"]
["3->1->2","3->4->5"]
["6->1->3->2","6->1->3->5->4"]
["4->3->1->2","4->6->5"]
["1->3->2","1->3->5->4"]
["1->4->3->2","1->4->5->6"]
["6->1->2->5->4->3"]
["1->5->3->2","1->5->3->4"]
["2->1","2->6->5->4->3"]
["4->3->2->1","4->5"]
["6->1->2->3->4->5"]
["1->6->5->3->2","1->6->5->3->4"]
["5->1->3->2","5->1->3->4","5->6"]
["1->6->2->3->4->5"]
["4->2->1","4->2->3","4->5"]
["4->3->2->1","4->6->5"]
["1->2->3->6->4->5"]
["1->2->3->4->5->6"]
["2->1","2->3->4->5->6"]
["1->2->3->4->6->5"]
["2->1","2->5->4->3"]
["1->3->2","1->3->5->4","1->3->5->6"]
["1->2"]
["6->5->2->1","6->5->2->3->4"]
["6->3->1->2","6->3->4->5"]
["4->1->3->2"]
["1->6->2->5->4->3"]
["5->1->4->2->3"]
["1->2->3->5->4","1->2->3->5->6"]
["4->3->2->1"]
["6->2->1","6->2->3->4->5"]
["1->4->3->2"]
["1->2->5->4->3","1->2->5->6"]
["3->1->2","3->6->4->5"]
["6->1->2->5->3->4"]
["1->2->4->3","1->2->4->6->5"]
["2->1","2->3->6->5->4"]
["1->4->3->2","1->4->5"]
["1->2->5->3->4","1->2->5->6"]
["5->3->1->2","5->3->4","5->6"]
["2->1","2->5->3->4"]
["1"]
["1->5->2->4->3"]
["1->2->6->5->4->3"]
["6->3->1->2","6->3->5->4"]
["2->1","2->5->3->4","2->5->6"]
["1->5->4->3->2","1->5->6"]
["1->3->2","1->3->6->5->4"]
["1->5->2->3->4","1->5->6"]
["6->2->1","6->2->4->3","6->2->4->5"]
["3->1->2","3->5->4","3->5->6"]
["4->1->2->3","4->5->6"]
["1->2->6->3->5->4"]
["1->3->2"]
["1->6->3->2","1->6->3->4->5"]
["1->2->3->5->4"]
["6->5->4->2->1","6->5->4->2->3"]
["2->1","2->3"]
["2->1","2->4->3","2->4->5->6"]
["1->4->2->3","1->4->6->5"]
["6->1->3->2","6->1->3->4->5"]
["1->3->2","1->3->4->6->5"]
["1->6->2->5->3->4"]
["6->2->1","6->2->5->3->4"]
["2->1","2->6->4->3","2->6->4->5"]
["5->3->2->1","5->3->4","5->6"]
["1->2->4->3","1->2->4->5->6"]
["6->5->1->3->2","6->5->1->3->4"]
["6->1->5->4->2->3"]
["1->6->2->4->3","1->6->2->4->5"]
["5->2->1","5->2->4->3"]
["5->4->1->2->3"]
["1->6->5->4->3->2"]
["5->2->1","5->2->3->4","5->6"]
["2->1","2->3->5->4","2->3->5->6"]
["3->2->1"]
["6->1->5->2->3->4"]
["1->2->5->4->3"]
["2->1","2->6->5->3->4"]
["1->6->3->2","1->6->3->5->4"]
["3->2->1","3->5->4"]
["6->4->2->1","6->4->2->3","6->4->5"]
["1->2->6->3->4->5"]
["6->5->1->2->4->3"]
["6->1->2->3->5->4"]
["2->1","2->5->4->3","2->5->6"]
["1->6->4->2->3","1->6->4->5"]
["2->1","2->6->3->4->5"]
["6->5->4->1->2->3"]
["4->1->3->2","4->5->6"]
["6->1->5->4->3->2"]
["6->5->4->1->3->2"]
["5->1->2->3->4","5->6"]
["6->5->4->3->2->1"]
["1->3->2","1->3->4->5"]
["1->6->5->2->4->3"]
["5->3->1->2","5->3->4"]
["5->1->2->3->4"]
["6->1->2->4->3","6->1->2->4->5"]
["1->6->5->2->3->4"]
["1->4->2->3","1->4->5"]
["1->4->2->3","1->4->5->6"]
["1->4->3->2","1->4->6->5"]
["4->1->2->3"]
["1->2->5->3->4"]
["5->1->4->3->2"]
["4->3->1->2","4->5->6"]
["5->4->3->2->1","5->6"]
["6->5->3->1->2","6->5->3->4"]
["6->5->1->4->2->3"]
["6->4->3->2->1","6->4->5"]
["2->1","2->6->3->5->4"]
["2->1","2->3->5->4"]
["5->1->2->4->3","5->6"]
["5->4->3->1->2","5->6"]
["5->4->1->3->2"]
["3->1->2","3->4"]
["2->1","2->4->3"]
["4->3->2->1","4->5->6"]
["1->2->6->4->3","1->2->6->4->5"]
["3->1->2","3->4->6->5"]
["4->1->3->2","4->6->5"]
["5->1->2->4->3"]
["5->4->2->1","5->4->2->3","5->6"]
["3->2->1","3->4->6->5"]
["3->1->2","3->5->4"]
["1->3->2","1->3->4->5->6"]
["6->1->5->2->4->3"]
["2->1","2->4->3","2->4->6->5"]
["6->4->1->2->3","6->4->5"]
["5->3->2->1","5->3->4"]
["6->1->5->3->2","6->1->5->3->4"]
["6->1->4->2->3","6->1->4->5"]
["2->1","2->3->4->5"]
["3->2->1","3->4"]
["5->4->1->3->2","5->6"]
["1->3->2","1->3->4"]
["1->2->6->5->3->4"]
["2->1","2->4->3","2->4->5"]
["4->2->1","4->2->3","4->5->6"]
["4->1->2->3","4->5"]
["3->1->2","3->4->5->6"]
["1->6->5->4->2->3"]
["6->3->2->1","6->3->4->5"]
["5->1->3->2","5->1->3->4"]
["5->4->1->2->3","5->6"]
["1->2->3"]
["2->1","2->3->4->6->5"]
["5->2->1","5->2->3->4"]
["1->2->4->3","1->2->4->5"]
["6->5->2->1","6->5->2->4->3"]
["1->3->2","1->3->6->4->5"]
["4->2->1","4->2->3"]
["6->5->4->3->1->2"]
["6->4->1->3->2","6->4->5"]
["5->4->2->1","5->4->2->3"]
["4->3->1->2","4->5"]
["3->2->1","3->5->4","3->5->6"]
["2->1","2->3->4"]
["6->4->3->1->2","6->4->5"]
["1->6->2->3->5->4"]
["6->2->1","6->2->5->4->3"]
["3->2->1","3->4->5"]
["6->3->2->1","6->3->5->4"]
["1->5->2->4->3","1->5->6"]
["3->2->1","3->6->4->5"]
["1->2->3->4"]
["4->1->3->2","4->5"]
["6->5->1->4->3->2"]
["5->4->3->2->1"]
["6->5->3->2->1","6->5->3->4"]
["1->5->4->2->3"]
["1->2->3->4->5"]
["6->5->1->2->3->4"]
["1->5->4->2->3","1->5->6"]
["6->2->1","6->2->3->5->4"]
["2->1","2->3->6->4->5"]
["4->3->1->2"]
["3->2->1","3->4->5->6"]
["1->4->2->3"]
["4->2->1","4->2->3","4->6->5"]
["1->5->4->3->2"]
["1->5->2->3->4"]
["2->1"]
["3->2->1","3->6->5->4"]
["3->1->2"]
["6->1->4->3->2","6->1->4->5"]
["5->1->4->3->2","5->6"]
["3->1->2","3->6->5->4"]
["1->2->4->3"]
["5->2->1","5->2->4->3","5->6"]
["4->1->2->3","4->6->5"]
["1->2->3->6->5->4"]
["5->1->4->2->3","5->6"]
["1->5->3->2","1->5->3->4","1->5->6"]
["5->4->3->1->2"]
["1->6->4->3->2","1->6->4->5"]
["37->-34->-100","37->-48->-100","37->-48->48->-54->-71","37->-48->48->-54->-22->8"]
["-64->12->-4->-51->-31->-81","-64->12->-4->-51->-31->33","-64->12->-53","-64->18->76->-93->47->4->78","-64->18->76->3->3->-51->-35->8","-64->18->76->3->3->-51->-35->-38->-67","-64->18->76->3->3->-51->-64->47->-37->3->73->-33","-64->18->76->3->3->-51->-64->47->-37->3->-38->86->-54","-64->18->76->3->3->-51->-64->47->-37->3->-38->86->-66","-64->18->76->3->3->-51->-64->47->-37->80->-31->81->-36","-64->18->76->3->3->-51->-64->47->-37->80->-31->-42->-72","-64->18->76->3->3->-51->-64->47->-37->80->-85","-64->18->76->3->3->-51->-64->47->-19->44->-31->98->43","-64->18->76->3->3->-51->-64->47->-19->44->-31->-40","-64->18->76->3->3->-51->-64->47->-19->44->-96->70->-92","-64->18->76->3->3->-51->-64->47->-19->44->-96->-26->-1->-93","-64->18->76->3->3->-51->-64->47->-19->44->-96->-26->-98","-64->18->76->3->3->-51->-64->47->-19->-88","-64->18->76->3->3->-51->-64->12->10->-91->-18->24","-64->18->76->3->3->-51->-64->12->10->-91->67","-64->18->76->3->3->-51->-64->12->-55->48->34->92","-64->18->76->3->3->-51->-64->12->-55->48->72->72","-64->18->76->3->3->-51->-64->12->-55->48->72->-27->39->98","-64->18->76->3->3->-51->-64->12->-55->-90->-17","-64->18->76->3->3->-44->26->-24->72->-30->-77","-64->18->76->3->3->-44->-81->-59","-64->18->76->3->3->-44->-81->-49->-70->90->56","-64->18->76->3->3->-44->-81->-49->-70->90->-65->-67->-84","-64->18->76->3->3->-44->-81->-49->17->-34->-88","-64->18->76->3->3->-44->-81->-49->17->-34->-53","-64->18->76->3->3->-44->-81->-49->17->37","-64->18->76->3->53->-60->-31->-11->-4","-64->18->76->3->53->-60->-31->-51","-64->18->76->3->53->-60->27->67","-64->18->76->3->53->11->60","-64->18->76->3->53->11->74"]
