[]
[]
[]
[[2,2]]
[]
[[2,3]]
[[2,2,2],[2,4]]
[[2,2,3],[2,6],[3,4]]
[[2,2,2,3],[2,2,6],[2,3,4],[2,12],[3,8],[4,6]]
[[2,2,2,2,2],[2,2,2,4],[2,2,8],[2,4,4],[2,16],[4,8]]
[[2,2,2,2,3],[2,2,2,6],[2,2,3,4],[2,2,12],[2,3,8],[2,4,6],[2,24],[3,4,4],[3,16],[4,12],[6,8]]
[[2,2,2,2,2,2],[2,2,2,2,4],[2,2,2,8],[2,2,4,4],[2,2,16],[2,4,8],[2,32],[4,4,4],[4,16],[8,8]]
[]
[[2,2,5,5],[2,2,25],[2,5,10],[2,50],[4,5,5],[4,25],[5,20],[10,10]]
[]
[[2,2,2,2,2,2,2,2,2,2],[2,2,2,2,2,2,2,2,4],[2,2,2,2,2,2,2,8],[2,2,2,2,2,2,4,4],[2,2,2,2,2,2,16],[2,2,2,2,2,4,8],[2,2,2,2,2,32],[2,2,2,2,4,4,4],[2,2,2,2,4,16],[2,2,2,2,8,8],[2,2,2,2,64],[2,2,2,4,4,8],[2,2,2,4,32],[2,2,2,8,16],[2,2,2,128],[2,2,4,4,4,4],[2,2,4,4,16],[2,2,4,8,8],[2,2,4,64],[2,2,8,32],[2,2,16,16],[2,2,256],[2,4,4,4,8],[2,4,4,32],[2,4,8,16],[2,4,128],[2,8,8,8],[2,8,64],[2,16,32],[2,512],[4,4,4,4,4],[4,4,4,16],[4,4,8,8],[4,4,64],[4,8,32],[4,16,16],[4,256],[8,8,16],[8,128],[16,64],[32,32]]
[[2,2,2,2,2,2,2,2,2,2,2,2,2],[2,2,2,2,2,2,2,2,2,2,2,4],[2,2,2,2,2,2,2,2,2,2,8],[2,2,2,2,2,2,2,2,2,4,4],[2,2,2,2,2,2,2,2,2,16],[2,2,2,2,2,2,2,2,4,8],[2,2,2,2,2,2,2,2,32],[2,2,2,2,2,2,2,4,4,4],[2,2,2,2,2,2,2,4,16],[2,2,2,2,2,2,2,8,8],[2,2,2,2,2,2,2,64],[2,2,2,2,2,2,4,4,8],[2,2,2,2,2,2,4,32],[2,2,2,2,2,2,8,16],[2,2,2,2,2,2,128],[2,2,2,2,2,4,4,4,4],[2,2,2,2,2,4,4,16],[2,2,2,2,2,4,8,8],[2,2,2,2,2,4,64],[2,2,2,2,2,8,32],[2,2,2,2,2,16,16],[2,2,2,2,2,256],[2,2,2,2,4,4,4,8],[2,2,2,2,4,4,32],[2,2,2,2,4,8,16],[2,2,2,2,4,128],[2,2,2,2,8,8,8],[2,2,2,2,8,64],[2,2,2,2,16,32],[2,2,2,2,512],[2,2,2,4,4,4,4,4],[2,2,2,4,4,4,16],[2,2,2,4,4,8,8],[2,2,2,4,4,64],[2,2,2,4,8,32],[2,2,2,4,16,16],[2,2,2,4,256],[2,2,2,8,8,16],[2,2,2,8,128],[2,2,2,16,64],[2,2,2,32,32],[2,2,2,1024],[2,2,4,4,4,4,8],[2,2,4,4,4,32],[2,2,4,4,8,16],[2,2,4,4,128],[2,2,4,8,8,8],[2,2,4,8,64],[2,2,4,16,32],[2,2,4,512],[2,2,8,8,32],[2,2,8,16,16],[2,2,8,256],[2,2,16,128],[2,2,32,64],[2,2,2048],[2,4,4,4,4,4,4],[2,4,4,4,4,16],[2,4,4,4,8,8],[2,4,4,4,64],[2,4,4,8,32],[2,4,4,16,16],[2,4,4,256],[2,4,8,8,16],[2,4,8,128],[2,4,16,64],[2,4,32,32],[2,4,1024],[2,8,8,8,8],[2,8,8,64],[2,8,16,32],[2,8,512],[2,16,16,16],[2,16,256],[2,32,128],[2,64,64],[2,4096],[4,4,4,4,4,8],[4,4,4,4,32],[4,4,4,8,16],[4,4,4,128],[4,4,8,8,8],[4,4,8,64],[4,4,16,32],[4,4,512],[4,8,8,32],[4,8,16,16],[4,8,256],[4,16,128],[4,32,64],[4,2048],[8,8,8,16],[8,8,128],[8,16,64],[8,32,32],[8,1024],[16,16,32],[16,512],[32,256],[64,128]]
[[3,2731]]
[[3,3,6983],[3,20949],[9,6983]]
[[3,3,7,378551],[3,3,2649857],[3,7,1135653],[3,21,378551],[3,7949571],[7,9,378551],[7,3406959],[9,2649857],[21,1135653],[63,378551]]
