[0]
[11]
[1]
[-2]
[2]
[18]
[15]
[-5]
[132]
[6,6]
[0,2]
[60,60]
[32,48]
[9,17]
[12,20]
[-195,-51,-3,72,240]
[-297,-136,48,152,336]
[-122,-122,39,384,384]
[-396,-111,33,33,108]
[-345,39,75,123,375]
[-165,-165,87,87,171]
[-2,0,0,0,0,0,0,2,2,2,2,2,2,4]
[-2860,-2854,-2587,-2488,-2482,-2482,-2251,-2147,-1943,2273,2504,2504,2581,2845]
[-3244,-2596,-2204,-2204,-2196,-2044,-2044,-1948,-1844,-1764,-1764,-1704,-1636,-1636,-1512,-1512,-1491,-1476,-1431,-1340,-1332,-1324,-1324,-1323,-1323,-1287,-1278,-1269,-1228,-1228,-1134,-1134,-1125,-1116,-1108,-1108,-1108,-1107,-1064,-1054,-994,-963,-944,-944,-936,-936,-934,-934,-904,-891,-882,-882,-846,-846,-846,-838,-838,-838,-828,-828,-826,-820,-818,-810,-792,-774,-774,-774,-764,-764,-756,-747,-738,-738,-738,-730,-730,-702,-702,-702,-702,-694,-684,-676,-676,-674,-666,-666,-664,-658,-658,-644,-644,-638,-638,-622,-622,-612,-612,-612,-612,-603,-584,-576,-576,-576,-576,-568,-568,-568,-568,-568,-568,-567,-567,-566,-566,-566,-566,-558,-558,-558,-558,-550,-549,-544,-530,-530,-522,-522,-522,-522,-522,-516,-516,-514,-512,-504,-504,-504,-504,-498,-494,-494,-486,-486,-486,-486,-486,-486,-486,-486,-486,-486,-486,-484,-476,-476,-468,-468,-468,-468,-460,-460,-459,-459,-458,-450,-450,-450,-450,-450,-450,-442,-442,-442,-438,-438,-438,-436,-432,-432,-424,-424,-424,-423,-423,-423,-418,-418,-418,-418,-405,-404,-404,-404,-404,-404,-404,-404,-404,-404,-404,-404,-396,-396,-396,-396,-396,-396,-396,-394,-388,-388,-388,-387,-384,-378,-378,-378,-378,-378,-378,-374,-371,-368,-364,-364,-364,-351,-350,-350,-347,-344,-344,-342,-342,-342,-342,-334,-334,-333,-332,-332,-331,-331,-328,-328,-328,-324,-324,-324,-324,-324,-324,-324,-324,-324,-324,-324,-322,-316,-316,-307,-307,-306,-306,-306,-306,-306,-306,-306,-306,-306,-306,-306,-304,-304,-304,-304,-298,-298,-298,-298,-298,-298,-298,-298,-296,-295,-294,-292,-292,-292,-292,-288,-288,-288,-284,-282,-280,-279,-279,-279,-274,-271,-270,-268,-268,-264,-264,-262,-261,-260,-260,-260,-260,-260,-258,-256,-252,-252,-252,-252,-252,-252,-252,-252,-252,-252,-252,-252,-244,-244,-244,-244,-244,-244,-244,-244,-244,-243,-243,-243,-243,-243,-243,-242,-242,-242,-236,-234,-234,-234,-226,-224,-223,-220,-220,-220,-219,-219,-216,-216,-214,-214,-214,-214,-212,-212,-210,-208,-207,-207,-205,-198,-198,-198,-198,-198,-198,-198,-194,-190,-190,-190,-190,-190,-190,-189,-188,-188,-187,-187,-184,-183,-183,-182,-181,-180,-180,-180,-178,-178,-178,-172,-171,-170,-168,-163,-162,-162,-162,-162,-162,-162,-162,-162,-162,-162,-162,-162,-162,-160,-160,-159,-158,-158,-157,-156,-154,-154,-154,-154,-154,-154,-154,-154,-154,-154,-154,-154,-152,-151,-148,-147,-147,-146,-144,-144,-144,-144,-142,-142,-136,-136,-132,-132,-131,-128,-128,-128,-127,-127,-127,-126,-126,-126,-126,-126,-126,-125,-124,-124,-124,-124,-123,-122,-122,-118,-118,-118,-118,-118,-118,-118,-118,-118,-117,-116,-116,-116,-116,-116,-116,-116,-114,-111,-111,-111,-108,-108,-108,-108,-108,-108,-108,-108,-108,-108,-104,-104,-103,-101,-100,-100,-100,-100,-99,-99,-99,-99,-99,-98,-98,-98,-98,-98,-98,-98,-98,-98,-96,-94,-94,-91,-91,-90,-90,-90,-90,-90,-90,-90,-90,-90,-87,-86,-84,-84,-83,-82,-80,-80,-80,-80,-79,-76,-76,-76,-76,-76,-76,-72,-72,-72,-72,-72,-72,-70,-68,-68,-68,-67,-66,-66,-63,-63,-62,-62,-62,-62,-62,-62,-62,-62,-62,-62,-62,-61,-61,-59,-58,-58,-56,-56,-56,-55,-55,-54,-54,-48,-48,-48,-48,-48,-48,-48,-48,-48,-48,-48,-48,-46,-46,-44,-44,-44,-44,-44,-43,-43,-43,-43,-43,-40,-38,-38,-36,-36,-36,-36,-36,-36,-36,-36,-36,-36,-36,-36,-34,-34,-34,-34,-31,-28,-28,-28,-28,-28,-28,-27,-27,-26,-26,-24,-19,-19,-18,-18,-16,-16,-16,-16,-14,-14,-14,-10,-10,-10,-6,-4,-2,0,0,0,6,8,8,10,10,10,10,10,10,10,12,12,12,12,12,13,14,14,14,14,16,17,17,18,18,18,18,18,18,18,18,18,18,18,18,18,18,18,18,18,19,22,22,24,25,26,26,26,26,26,26,26,26,26,26,27,28,30,30,32,32,33,33,34,36,36,36,36,36,36,36,36,36,36,36,36,36,41,43,44,45,45,46,46,46,46,46,46,46,46,46,46,46,46,46,48,48,52,53,53,54,54,54,54,54,54,57,57,58,60,60,60,60,60,61,64,64,64,64,64,64,66,66,66,66,68,68,68,68,68,68,68,69,70,72,72,72,72,72,72,72,72,72,74,74,74,74,74,74,76,76,76,76,77,78,78,80,80,80,81,81,82,82,82,82,82,82,82,82,82,82,82,82,82,83,85,86,86,86,86,88,88,88,88,89,89,89,90,90,90,90,90,90,90,90,90,90,90,92,92,92,92,93,94,96,96,96,96,96,96,96,96,96,96,96,96,96,96,96,96,96,98,98,98,98,100,101,101,101,106,106,106,106,106,108,108,108,108,110,110,110,110,110,113,116,116,116,116,116,117,118,118,122,122,124,126,126,126,126,128,134,134,136,136,136,136,136,136,136,136,136,136,136,138,142,142,142,144,144,144,144,144,144,144,144,144,144,144,144,144,144,144,146,146,146,146,148,152,152,152,152,152,152,152,152,152,152,154,154,156,156,156,156,158,158,162,162,162,162,162,162,162,162,162,162,162,162,162,162,162,162,162,162,166,166,168,169,170,170,171,172,172,176,180,180,180,180,188,188,188,188,188,188,189,189,189,189,189,189,190,190,190,196,198,198,198,198,198,204,206,210,210,212,212,212,212,213,216,216,216,216,218,218,218,218,224,225,225,226,226,226,234,234,234,234,234,234,234,234,234,234,234,238,242,242,242,242,242,242,242,242,242,252,252,252,252,252,252,254,258,258,260,261,261,262,262,262,262,266,266,266,270,270,270,270,272,278,280,280,280,280,280,280,280,280,280,284,284,288,288,288,288,288,288,288,288,288,288,288,288,288,288,288,288,288,288,288,288,292,296,296,296,296,296,296,296,296,296,302,302,302,302,306,306,306,306,314,314,316,316,316,316,316,316,324,324,324,324,326,333,333,333,336,340,342,342,346,349,352,356,356,364,373,376,376,378,378,378,378,378,378,378,378,378,386,386,386,386,386,389,389,392,392,392,396,396,396,396,406,406,413,413,414,414,414,414,414,416,416,416,416,420,422,424,424,426,426,426,426,432,432,432,440,440,440,450,456,458,458,477,482,496,496,496,496,496,504,504,504,504,510,512,514,516,522,524,526,540,550,550,558,558,558,564,566,566,566,566,576,584,584,626,629,632,644,648,648,648,648,653,656,656,656,658,658,658,666,666,674,674,676,676,676,684,684,684,692,702,706,712,720,728,728,730,730,730,730,738,738,738,756,756,756,784,792,801,802,802,806,810,810,818,818,818,820,820,820,824,828,828,828,828,828,836,836,836,882,882,900,900,902,932,932,936,945,946,946,954,954,972,972,1022,1032,1032,1044,1052,1090,1096,1098,1100,1106,1106,1106,1116,1116,1126,1126,1134,1134,1134,1162,1162,1162,1170,1188,1216,1216,1216,1216,1224,1224,1226,1226,1244,1244,1260,1298,1306,1314,1314,1314,1314,1322,1322,1376,1396,1396,1404,1404,1414,1422,1458,1458,1476,1476,1533,1556,1556,1566,1701,1701,1752,1756,1806,1846,1846,1854,1936,1944,1944,1946,2322,2709,3096]
